Build started 26/07/2021 20:17:56.
     1>Project "D:\Source\Source MundoMU\Source MundoMU 29112018 (Update 15)\GameServer\GameServer\GameServer.vcxproj" on node 2 (build target(s)).
     1>InitializeBuildStatus:
         Creating "Release\GameServer_EX603\GameServer.unsuccessfulbuild" because "AlwaysCreate" was specified.
       ClCompile:
         All outputs are up-to-date.
         C:\Program Files (x86)\Microsoft Visual Studio 10.0\VC\bin\CL.exe /c /Zi /nologo /W3 /WX- /O2 /Oi /Oy- /GL /D WIN32 /D NDEBUG /D _WINDOWS /D GAMESERVER_TYPE=0 /D GAMESERVER_UPDATE=603 /D GAMESERVER_LANGUAGE=1 /D _MBCS /Gm- /EHsc /MD /GS /Gy /fp:precise /Zc:wchar_t /Zc:forScope /Yu"StdAfx.h" /Fp"Release\GameServer_EX603\GameServer.pch" /Fo"Release\GameServer_EX603\\" /Fd"Release\GameServer_EX603\vc100.pdb" /Gd /TP /analyze- /errorReport:prompt 380ItemOption.cpp 380ItemType.cpp ArcaBattle.cpp Attack.cpp BattleSoccerManager.cpp BloodCastle.cpp BonusManager.cpp BotBuffer.cpp CSProtocol.cpp CannonTower.cpp CashShop.cpp CastleDeep.cpp CastleSiege.cpp CastleSiegeCrown.cpp CastleSiegeCrownSwitch.cpp CastleSiegeSync.cpp CastleSiegeWeapon.cpp ChaosBox.cpp ChaosCastle.cpp ComboSkill.cpp CommandManager.cpp Crywolf.cpp CrywolfAltar.cpp CrywolfStateTimeInfo.cpp CrywolfStatue.cpp CrywolfUtil.cpp CustomArena.cpp CustomAttack.cpp CustomBuyVip.cpp CustomCombo.cpp CustomCommandDescription.cpp CustomDeathMessage.cpp CustomEventDrop.cpp CustomEventTime.cpp CustomExchangeCoin.cpp CustomJewel.cpp CustomMix.cpp CustomMonster.cpp CustomMove.cpp CustomNpcCollector.cpp CustomNpcCommand.cpp CustomNpcMove.cpp CustomNpcQuest.cpp CustomOnlineLottery.cpp CustomPick.cpp CustomQuest.cpp CustomQuiz.cpp CustomRankUser.cpp CustomRanking.cpp CustomStartItem.cpp CustomStore.cpp CustomTop.cpp CustomWingMix.cpp DSProtocol.cpp DarkSpirit.cpp DevilSquare.cpp DoubleGoer.cpp Duel.cpp ESProtocol.cpp EffectManager.cpp EventGvG.cpp EventHideAndSeek.cpp EventInventory.cpp EventKillAll.cpp EventPvP.cpp EventQuickly.cpp EventRunAndCatch.cpp EventRussianRoulette.cpp EventStart.cpp EventTvT.cpp Fruit.cpp GameMain.cpp GameServer.cpp Gate.cpp GensSystem.cpp GuardianStatue.cpp Guild.cpp GuildClass.cpp GuildMatching.cpp HackCheck.cpp HackSkillCheck.cpp Helper.cpp IllusionTemple.cpp ImperialGuardian.cpp InvasionManager.cpp InventoryEquipment.cpp IpManager.cpp Item.cpp ItemBag.cpp ItemBagEx.cpp ItemDrop.cpp ItemExcellentOptionRate.cpp ItemManager.cpp ItemMove.cpp ItemOption.cpp ItemOptionRate.cpp ItemStack.cpp ItemValue.cpp ItemValueTrade.cpp JSProtocol.cpp JewelMix.cpp JewelOfHarmonyOption.cpp JewelOfHarmonyType.cpp Kalima.cpp Kanturu.cpp KanturuBattleOfMaya.cpp KanturuBattleOfNightmare.cpp KanturuBattleStanby.cpp KanturuBattleUserMng.cpp KanturuEntranceNPC.cpp KanturuMaya.cpp KanturuMonsterMng.cpp KanturuTowerOfRefinement.cpp KanturuUtil.cpp LifeStone.cpp LuckyCoin.cpp LuckyItem.cpp Map.cpp MapItem.cpp MapManager.cpp MapServerManager.cpp MasterSkillTree.cpp MemoryAllocatorInfo.cpp Mercenary.cpp MiniMap.cpp MiningSystem.cpp Monster.cpp MonsterAI.cpp MonsterAIAgro.cpp MonsterAIElement.cpp MonsterAIElementInfo.cpp MonsterAIGroup.cpp MonsterAIUnit.cpp MonsterAIUtil.cpp MonsterManager.cpp MonsterSetBase.cpp MonsterSkillElementInfo.cpp MonsterSkillElementOption.cpp MonsterSkillManager.cpp MossMerchant.cpp Move.cpp MoveSummon.cpp MuRummy.cpp MuunSystem.cpp Notice.cpp NpcTalk.cpp ObjectManager.cpp Party.cpp PartyMatching.cpp PcPoint.cpp PentagramSystem.cpp PersonalShop.cpp Protect.cpp Protocol.cpp Quest.cpp QuestObjective.cpp QuestReward.cpp QuestWorld.cpp QuestWorldObjective.cpp QuestWorldReward.cpp Raklion.cpp RaklionBattleOfSelupan.cpp RaklionBattleUserMng.cpp RaklionSelupan.cpp RaklionUtil.cpp Reconnect.cpp ReiDoMu.cpp ResetTable.cpp ServerDisplayer.cpp ServerInfo.cpp SetItemOption.cpp SetItemType.cpp Shop.cpp ShopManager.cpp Skill.cpp SkillDamage.cpp SkillManager.cpp SocketItemOption.cpp SocketItemType.cpp SocketManager.cpp SummonScroll.cpp Trade.cpp User.cpp Util.cpp Viewport.cpp Warehouse.cpp
         380ItemOption.cpp
         380ItemType.cpp
         ArcaBattle.cpp
         Attack.cpp
         BattleSoccerManager.cpp
         BloodCastle.cpp
         BonusManager.cpp
         BotBuffer.cpp
         CSProtocol.cpp
         CannonTower.cpp
         CashShop.cpp
         CastleDeep.cpp
         CastleSiege.cpp
         CastleSiegeCrown.cpp
         CastleSiegeCrownSwitch.cpp
         CastleSiegeSync.cpp
         CastleSiegeWeapon.cpp
         ChaosBox.cpp
         ChaosCastle.cpp
         ComboSkill.cpp
         Compiling...
         CommandManager.cpp
         Crywolf.cpp
         CrywolfAltar.cpp
         CrywolfStateTimeInfo.cpp
         CrywolfStatue.cpp
         CrywolfUtil.cpp
         CustomArena.cpp
         CustomAttack.cpp
         CustomBuyVip.cpp
         CustomCombo.cpp
         CustomCommandDescription.cpp
         CustomDeathMessage.cpp
         CustomEventDrop.cpp
         CustomEventTime.cpp
         CustomExchangeCoin.cpp
         CustomJewel.cpp
         CustomMix.cpp
         CustomMonster.cpp
         CustomMove.cpp
         CustomNpcCollector.cpp
         Compiling...
         CustomNpcCommand.cpp
         CustomNpcMove.cpp
         CustomNpcQuest.cpp
         CustomOnlineLottery.cpp
         CustomPick.cpp
         CustomQuest.cpp
         CustomQuiz.cpp
     1>CustomQuiz.cpp(434): warning C4996: '_strlwr': This function or variable may be unsafe. Consider using _strlwr_s instead. To disable deprecation, use _CRT_SECURE_NO_WARNINGS. See online help for details.
                 C:\Program Files (x86)\Microsoft Visual Studio 10.0\VC\include\string.h(164) : see declaration of '_strlwr'
         CustomRankUser.cpp
         CustomRanking.cpp
         CustomStartItem.cpp
         CustomStore.cpp
         CustomTop.cpp
         CustomWingMix.cpp
         DSProtocol.cpp
         DarkSpirit.cpp
         DevilSquare.cpp
         DoubleGoer.cpp
         Duel.cpp
         ESProtocol.cpp
         EffectManager.cpp
         Compiling...
         EventGvG.cpp
         EventHideAndSeek.cpp
         EventInventory.cpp
         EventKillAll.cpp
         EventPvP.cpp
         EventQuickly.cpp
         EventRunAndCatch.cpp
         EventRussianRoulette.cpp
         EventStart.cpp
         EventTvT.cpp
         Fruit.cpp
         GameMain.cpp
         GameServer.cpp
         Gate.cpp
         GensSystem.cpp
         GuardianStatue.cpp
         Guild.cpp
         GuildClass.cpp
         GuildMatching.cpp
         HackCheck.cpp
         Compiling...
         HackSkillCheck.cpp
         Helper.cpp
         IllusionTemple.cpp
         ImperialGuardian.cpp
         InvasionManager.cpp
         InventoryEquipment.cpp
         IpManager.cpp
         Item.cpp
         ItemBag.cpp
         ItemBagEx.cpp
         ItemDrop.cpp
         ItemExcellentOptionRate.cpp
         ItemManager.cpp
         ItemMove.cpp
         ItemOption.cpp
         ItemOptionRate.cpp
         ItemStack.cpp
         ItemValue.cpp
         ItemValueTrade.cpp
         JSProtocol.cpp
     1>JSProtocol.cpp(133): warning C4244: 'argument' : conversion from 'long' to 'WORD', possible loss of data
         Compiling...
         JewelMix.cpp
         JewelOfHarmonyOption.cpp
         JewelOfHarmonyType.cpp
         Kalima.cpp
         Kanturu.cpp
         KanturuBattleOfMaya.cpp
         KanturuBattleOfNightmare.cpp
         KanturuBattleStanby.cpp
         KanturuBattleUserMng.cpp
         KanturuEntranceNPC.cpp
         KanturuMaya.cpp
         KanturuMonsterMng.cpp
         KanturuTowerOfRefinement.cpp
         KanturuUtil.cpp
         LifeStone.cpp
         LuckyCoin.cpp
         LuckyItem.cpp
         Map.cpp
         MapItem.cpp
         MapManager.cpp
         Compiling...
         MapServerManager.cpp
         MasterSkillTree.cpp
         MemoryAllocatorInfo.cpp
         Mercenary.cpp
         MiniMap.cpp
         MiningSystem.cpp
         Monster.cpp
         MonsterAI.cpp
         MonsterAIAgro.cpp
         MonsterAIElement.cpp
         MonsterAIElementInfo.cpp
         MonsterAIGroup.cpp
         MonsterAIUnit.cpp
         MonsterAIUtil.cpp
         MonsterManager.cpp
         MonsterSetBase.cpp
         MonsterSkillElementInfo.cpp
         MonsterSkillElementOption.cpp
         MonsterSkillManager.cpp
         MossMerchant.cpp
         Compiling...
         Move.cpp
         MoveSummon.cpp
         MuRummy.cpp
         MuunSystem.cpp
         Notice.cpp
         NpcTalk.cpp
         ObjectManager.cpp
         Party.cpp
         PartyMatching.cpp
         PcPoint.cpp
         PentagramSystem.cpp
         PersonalShop.cpp
         Protect.cpp
         Protocol.cpp
     1>Protocol.cpp(91): warning C4996: 'sprintf': This function or variable may be unsafe. Consider using sprintf_s instead. To disable deprecation, use _CRT_SECURE_NO_WARNINGS. See online help for details.
                 C:\Program Files (x86)\Microsoft Visual Studio 10.0\VC\include\stdio.h(371) : see declaration of 'sprintf'
         Quest.cpp
         QuestObjective.cpp
         QuestReward.cpp
         QuestWorld.cpp
         QuestWorldObjective.cpp
         QuestWorldReward.cpp
         Compiling...
         Raklion.cpp
         RaklionBattleOfSelupan.cpp
         RaklionBattleUserMng.cpp
         RaklionSelupan.cpp
         RaklionUtil.cpp
         Reconnect.cpp
         ReiDoMu.cpp
         ResetTable.cpp
         ServerDisplayer.cpp
         ServerInfo.cpp
         SetItemOption.cpp
         SetItemType.cpp
         Shop.cpp
         ShopManager.cpp
         Skill.cpp
         SkillDamage.cpp
     1>SkillDamage.cpp(100): warning C4101: 'SkillDamageInfo' : unreferenced local variable
         SkillManager.cpp
     1>SkillManager.cpp(5938): warning C4800: 'int' : forcing value to bool 'true' or 'false' (performance warning)
     1>SkillManager.cpp(5942): warning C4800: 'int' : forcing value to bool 'true' or 'false' (performance warning)
     1>SkillManager.cpp(5946): warning C4800: 'int' : forcing value to bool 'true' or 'false' (performance warning)
         SocketItemOption.cpp
         SocketItemType.cpp
         SocketManager.cpp
         Compiling...
         SummonScroll.cpp
         Trade.cpp
         User.cpp
         Util.cpp
     1>Util.cpp(206): warning C4996: 'sprintf': This function or variable may be unsafe. Consider using sprintf_s instead. To disable deprecation, use _CRT_SECURE_NO_WARNINGS. See online help for details.
                 C:\Program Files (x86)\Microsoft Visual Studio 10.0\VC\include\stdio.h(371) : see declaration of 'sprintf'
         Viewport.cpp
         Warehouse.cpp
       ResourceCompile:
         All outputs are up-to-date.
       Link:
         C:\Program Files (x86)\Microsoft Visual Studio 10.0\VC\bin\link.exe /ERRORREPORT:PROMPT /OUT:"D:\Source\Source MundoMU\Source MundoMU 29112018 (Update 15)\GameServer\Release\GameServer_EX603\GameServer.exe" /INCREMENTAL:NO /NOLOGO kernel32.lib user32.lib gdi32.lib winspool.lib comdlg32.lib advapi32.lib shell32.lib ole32.lib oleaut32.lib uuid.lib odbc32.lib odbccp32.lib /MANIFEST /ManifestFile:"Release\GameServer_EX603\GameServer.exe.intermediate.manifest" /MANIFESTUAC:"level='asInvoker' uiAccess='false'" /DEBUG /PDB:"D:\Source\Source MundoMU\Source MundoMU 29112018 (Update 15)\GameServer\Release\GameServer_EX603\GameServer.pdb" /SUBSYSTEM:WINDOWS /OPT:REF /OPT:ICF /LTCG /TLBID:1 /DYNAMICBASE /NXCOMPAT /IMPLIB:"D:\Source\Source MundoMU\Source MundoMU 29112018 (Update 15)\GameServer\Release\GameServer_EX603\GameServer.lib" /MACHINE:X86 Release\GameServer_EX603\GameServer.res
         Release\GameServer_EX603\CCRC32.obj
         Release\GameServer_EX603\Math.obj
         Release\GameServer_EX603\380ItemOption.obj
         Release\GameServer_EX603\380ItemType.obj
         Release\GameServer_EX603\ArcaBattle.obj
         Release\GameServer_EX603\Attack.obj
         Release\GameServer_EX603\BattleGround.obj
         Release\GameServer_EX603\BattleSoccer.obj
         Release\GameServer_EX603\BattleSoccerManager.obj
         Release\GameServer_EX603\BloodCastle.obj
         Release\GameServer_EX603\BonusManager.obj
         Release\GameServer_EX603\BotBuffer.obj
         Release\GameServer_EX603\CannonTower.obj
         Release\GameServer_EX603\CashShop.obj
         Release\GameServer_EX603\CastleDeep.obj
         Release\GameServer_EX603\CastleSiege.obj
         Release\GameServer_EX603\CastleSiegeCrown.obj
         Release\GameServer_EX603\CastleSiegeCrownSwitch.obj
         Release\GameServer_EX603\CastleSiegeSync.obj
         Release\GameServer_EX603\CastleSiegeWeapon.obj
         Release\GameServer_EX603\ChaosBox.obj
         Release\GameServer_EX603\ChaosCastle.obj
         Release\GameServer_EX603\ComboSkill.obj
         Release\GameServer_EX603\Command.obj
         Release\GameServer_EX603\CommandManager.obj
         Release\GameServer_EX603\Connection.obj
         Release\GameServer_EX603\CriticalSection.obj
         Release\GameServer_EX603\Crywolf.obj
         Release\GameServer_EX603\CrywolfAltar.obj
         Release\GameServer_EX603\CrywolfObjInfo.obj
         Release\GameServer_EX603\CrywolfStateTimeInfo.obj
         Release\GameServer_EX603\CrywolfStatue.obj
         Release\GameServer_EX603\CrywolfSync.obj
         Release\GameServer_EX603\CrywolfUtil.obj
         Release\GameServer_EX603\CSProtocol.obj
         Release\GameServer_EX603\CustomArena.obj
         Release\GameServer_EX603\CustomAttack.obj
         Release\GameServer_EX603\CustomBuyVip.obj
         Release\GameServer_EX603\CustomCombo.obj
         Release\GameServer_EX603\CustomCommandDescription.obj
         Release\GameServer_EX603\CustomDeathMessage.obj
         Release\GameServer_EX603\CustomEventDrop.obj
         Release\GameServer_EX603\CustomEventTime.obj
         Release\GameServer_EX603\CustomExchangeCoin.obj
         Release\GameServer_EX603\CustomJewel.obj
         Release\GameServer_EX603\CustomMix.obj
         Release\GameServer_EX603\CustomMonster.obj
         Release\GameServer_EX603\CustomMove.obj
         Release\GameServer_EX603\CustomNpcCollector.obj
         Release\GameServer_EX603\CustomNpcCommand.obj
         Release\GameServer_EX603\CustomNpcMove.obj
         Release\GameServer_EX603\CustomNpcQuest.obj
         Release\GameServer_EX603\CustomOnlineLottery.obj
         Release\GameServer_EX603\CustomPick.obj
         Release\GameServer_EX603\CustomQuest.obj
         Release\GameServer_EX603\CustomQuiz.obj
         Release\GameServer_EX603\CustomRanking.obj
         Release\GameServer_EX603\CustomRankUser.obj
         Release\GameServer_EX603\CustomStartItem.obj
         Release\GameServer_EX603\CustomStore.obj
         Release\GameServer_EX603\CustomTop.obj
         Release\GameServer_EX603\CustomWing.obj
         Release\GameServer_EX603\CustomWingMix.obj
         Release\GameServer_EX603\DarkSpirit.obj
         Release\GameServer_EX603\DefaultClassInfo.obj
         Release\GameServer_EX603\DevilSquare.obj
         Release\GameServer_EX603\DoubleGoer.obj
         Release\GameServer_EX603\DSProtocol.obj
         Release\GameServer_EX603\Duel.obj
         Release\GameServer_EX603\Effect.obj
         Release\GameServer_EX603\EffectManager.obj
         Release\GameServer_EX603\ESProtocol.obj
         Release\GameServer_EX603\EventGvG.obj
         Release\GameServer_EX603\EventHideAndSeek.obj
         Release\GameServer_EX603\EventInventory.obj
         Release\GameServer_EX603\EventKillAll.obj
         Release\GameServer_EX603\EventPvP.obj
         Release\GameServer_EX603\EventQuickly.obj
         Release\GameServer_EX603\EventRunAndCatch.obj
         Release\GameServer_EX603\EventRussianRoulette.obj
         Release\GameServer_EX603\EventStart.obj
         Release\GameServer_EX603\EventTvT.obj
         Release\GameServer_EX603\ExperienceTable.obj
         Release\GameServer_EX603\Filter.obj
         Release\GameServer_EX603\FilterRaname.obj
         Release\GameServer_EX603\Fruit.obj
         Release\GameServer_EX603\GameMain.obj
         Release\GameServer_EX603\GameMaster.obj
         Release\GameServer_EX603\GameServer.obj
         Release\GameServer_EX603\Gate.obj
         Release\GameServer_EX603\GensSystem.obj
         Release\GameServer_EX603\GuardianStatue.obj
         Release\GameServer_EX603\Guild.obj
         Release\GameServer_EX603\GuildClass.obj
         Release\GameServer_EX603\GuildMatching.obj
         Release\GameServer_EX603\HackCheck.obj
         Release\GameServer_EX603\HackPacketCheck.obj
         Release\GameServer_EX603\HackSkillCheck.obj
         Release\GameServer_EX603\Helper.obj
         Release\GameServer_EX603\IllusionTemple.obj
         Release\GameServer_EX603\ImperialGuardian.obj
         Release\GameServer_EX603\InvasionManager.obj
         Release\GameServer_EX603\InventoryEquipment.obj
         Release\GameServer_EX603\IpManager.obj
         Release\GameServer_EX603\Item.obj
         Release\GameServer_EX603\ItemBag.obj
         Release\GameServer_EX603\ItemBagEx.obj
         Release\GameServer_EX603\ItemBagManager.obj
         Release\GameServer_EX603\ItemDrop.obj
         Release\GameServer_EX603\ItemExcellentOptionRate.obj
         Release\GameServer_EX603\ItemManager.obj
         Release\GameServer_EX603\ItemMove.obj
         Release\GameServer_EX603\ItemOption.obj
         Release\GameServer_EX603\ItemOptionRate.obj
         Release\GameServer_EX603\ItemStack.obj
         Release\GameServer_EX603\ItemValue.obj
         Release\GameServer_EX603\ItemValueTrade.obj
         Release\GameServer_EX603\JewelMix.obj
         Release\GameServer_EX603\JewelOfHarmonyOption.obj
         Release\GameServer_EX603\JewelOfHarmonyType.obj
         Release\GameServer_EX603\JSProtocol.obj
         Release\GameServer_EX603\Kalima.obj
         Release\GameServer_EX603\Kanturu.obj
         Release\GameServer_EX603\KanturuBattleOfMaya.obj
         Release\GameServer_EX603\KanturuBattleOfNightmare.obj
         Release\GameServer_EX603\KanturuBattleStanby.obj
         Release\GameServer_EX603\KanturuBattleUserMng.obj
         Release\GameServer_EX603\KanturuEntranceNPC.obj
         Release\GameServer_EX603\KanturuMaya.obj
         Release\GameServer_EX603\KanturuMonsterMng.obj
         Release\GameServer_EX603\KanturuObjInfo.obj
         Release\GameServer_EX603\KanturuStateInfo.obj
         Release\GameServer_EX603\KanturuTowerOfRefinement.obj
         Release\GameServer_EX603\KanturuUtil.obj
         Release\GameServer_EX603\LifeStone.obj
         Release\GameServer_EX603\Log.obj
         Release\GameServer_EX603\LuckyCoin.obj
         Release\GameServer_EX603\LuckyItem.obj
         Release\GameServer_EX603\Map.obj
         Release\GameServer_EX603\MapItem.obj
         Release\GameServer_EX603\MapManager.obj
         Release\GameServer_EX603\MapPath.obj
         Release\GameServer_EX603\MapServerManager.obj
         Release\GameServer_EX603\MasterSkillTree.obj
         Release\GameServer_EX603\MemoryAllocator.obj
         Release\GameServer_EX603\MemoryAllocatorInfo.obj
         Release\GameServer_EX603\MemScript.obj
         Release\GameServer_EX603\Mercenary.obj
         Release\GameServer_EX603\Message.obj
         Release\GameServer_EX603\MiniDump.obj
         Release\GameServer_EX603\MiniMap.obj
         Release\GameServer_EX603\MiningSystem.obj
         Release\GameServer_EX603\Monster.obj
         Release\GameServer_EX603\MonsterAI.obj
         Release\GameServer_EX603\MonsterAIAgro.obj
         Release\GameServer_EX603\MonsterAIAutomata.obj
         Release\GameServer_EX603\MonsterAIAutomataInfo.obj
         Release\GameServer_EX603\MonsterAIElement.obj
         Release\GameServer_EX603\MonsterAIElementInfo.obj
         Release\GameServer_EX603\MonsterAIGroup.obj
         Release\GameServer_EX603\MonsterAIGroupMember.obj
         Release\GameServer_EX603\MonsterAIMovePath.obj
         Release\GameServer_EX603\MonsterAIMovePathInfo.obj
         Release\GameServer_EX603\MonsterAIRule.obj
         Release\GameServer_EX603\MonsterAIRuleInfo.obj
         Release\GameServer_EX603\MonsterAIState.obj
         Release\GameServer_EX603\MonsterAIUnit.obj
         Release\GameServer_EX603\MonsterAIUnitInfo.obj
         Release\GameServer_EX603\MonsterAIUtil.obj
         Release\GameServer_EX603\MonsterManager.obj
         Release\GameServer_EX603\MonsterSetBase.obj
         Release\GameServer_EX603\MonsterSkillElement.obj
         Release\GameServer_EX603\MonsterSkillElementInfo.obj
         Release\GameServer_EX603\MonsterSkillElementOption.obj
         Release\GameServer_EX603\MonsterSkillInfo.obj
         Release\GameServer_EX603\MonsterSkillManager.obj
         Release\GameServer_EX603\MonsterSkillUnit.obj
         Release\GameServer_EX603\MonsterSkillUnitInfo.obj
         Release\GameServer_EX603\MossMerchant.obj
         Release\GameServer_EX603\Move.obj
         Release\GameServer_EX603\MoveSummon.obj
         Release\GameServer_EX603\MuRummy.obj
         Release\GameServer_EX603\MuunSystem.obj
         Release\GameServer_EX603\Notice.obj
         Release\GameServer_EX603\NpcTalk.obj
         Release\GameServer_EX603\ObjectManager.obj
         Release\GameServer_EX603\PacketManager.obj
         Release\GameServer_EX603\Party.obj
         Release\GameServer_EX603\PartyMatching.obj
         Release\GameServer_EX603\Path.obj
         Release\GameServer_EX603\PcPoint.obj
         Release\GameServer_EX603\PentagramSystem.obj
         Release\GameServer_EX603\PersonalShop.obj
         Release\GameServer_EX603\Protect.obj
         Release\GameServer_EX603\Protocol.obj
         Release\GameServer_EX603\Quest.obj
         Release\GameServer_EX603\QuestObjective.obj
         Release\GameServer_EX603\QuestReward.obj
         Release\GameServer_EX603\QuestWorld.obj
         Release\GameServer_EX603\QuestWorldObjective.obj
         Release\GameServer_EX603\QuestWorldReward.obj
         Release\GameServer_EX603\Queue.obj
         Release\GameServer_EX603\QueueTimer.obj
         Release\GameServer_EX603\Raklion.obj
         Release\GameServer_EX603\RaklionBattleOfSelupan.obj
         Release\GameServer_EX603\RaklionBattleUser.obj
         Release\GameServer_EX603\RaklionBattleUserMng.obj
         Release\GameServer_EX603\RaklionObjInfo.obj
         Release\GameServer_EX603\RaklionSelupan.obj
         Release\GameServer_EX603\RaklionUtil.obj
         Release\GameServer_EX603\RandomManager.obj
         Release\GameServer_EX603\Reconnect.obj
         Release\GameServer_EX603\ReiDoMu.obj
         Release\GameServer_EX603\ResetTable.obj
         Release\GameServer_EX603\ScheduleManager.obj
         Release\GameServer_EX603\SerialCheck.obj
         Release\GameServer_EX603\ServerDisplayer.obj
         Release\GameServer_EX603\ServerInfo.obj
         Release\GameServer_EX603\SetItemOption.obj
         Release\GameServer_EX603\SetItemType.obj
         Release\GameServer_EX603\Shop.obj
         Release\GameServer_EX603\ShopManager.obj
         Release\GameServer_EX603\Skill.obj
         Release\GameServer_EX603\SkillDamage.obj
         Release\GameServer_EX603\SkillHitBox.obj
         Release\GameServer_EX603\SkillManager.obj
         Release\GameServer_EX603\SocketItemOption.obj
         Release\GameServer_EX603\SocketItemType.obj
         Release\GameServer_EX603\SocketManager.obj
         Release\GameServer_EX603\SocketManagerUdp.obj
         Release\GameServer_EX603\stdafx.obj
         Release\GameServer_EX603\SummonScroll.obj
         Release\GameServer_EX603\Trade.obj
         Release\GameServer_EX603\Union.obj
         Release\GameServer_EX603\UnionInfo.obj
         Release\GameServer_EX603\User.obj
         Release\GameServer_EX603\Util.obj
         Release\GameServer_EX603\Viewport.obj
         Release\GameServer_EX603\Warehouse.obj
         Generating code
         Finished generating code
         GameServer.vcxproj -> D:\Source\Source MundoMU\Source MundoMU 29112018 (Update 15)\GameServer\Release\GameServer_EX603\GameServer.exe
       Manifest:
         C:\Program Files (x86)\Microsoft SDKs\Windows\v7.0A\bin\mt.exe /nologo /verbose /outputresource:"D:\Source\Source MundoMU\Source MundoMU 29112018 (Update 15)\GameServer\Release\GameServer_EX603\GameServer.exe;#1" /manifest Release\GameServer_EX603\GameServer.exe.intermediate.manifest
       FinalizeBuildStatus:
         Deleting file "Release\GameServer_EX603\GameServer.unsuccessfulbuild".
         Touching "Release\GameServer_EX603\GameServer.lastbuildstate".
     1>Done Building Project "D:\Source\Source MundoMU\Source MundoMU 29112018 (Update 15)\GameServer\GameServer\GameServer.vcxproj" (build target(s)).

Build succeeded.

Time Elapsed 00:00:22.02
