Build started 24/04/2021 19:53:28.
     1>Project "D:\Source\Source MundoMU\Source MundoMU 29112018 (Update 15)\GameServer\GameServer\GameServer.vcxproj" on node 2 (build target(s)).
     1>InitializeBuildStatus:
         Creating "Release\GameServer_EX803CS\GameServer.unsuccessfulbuild" because "AlwaysCreate" was specified.
       ClCompile:
         C:\Program Files (x86)\Microsoft Visual Studio 10.0\VC\bin\CL.exe /c /Zi /nologo /W3 /WX- /O2 /Oi /Oy- /GL /D WIN32 /D NDEBUG /D _WINDOWS /D GAMESERVER_TYPE=1 /D GAMESERVER_UPDATE=803 /D GAMESERVER_LANGUAGE=1 /D _MBCS /Gm- /EHsc /MD /GS /Gy /fp:precise /Zc:wchar_t /Zc:forScope /Yc"StdAfx.h" /Fp"Release\GameServer_EX803CS\GameServer.pch" /Fo"Release\GameServer_EX803CS\\" /Fd"Release\GameServer_EX803CS\vc100.pdb" /Gd /TP /analyze- /errorReport:prompt stdafx.cpp
         stdafx.cpp
         C:\Program Files (x86)\Microsoft Visual Studio 10.0\VC\bin\CL.exe /c /Zi /nologo /W3 /WX- /O2 /Oi /Oy- /GL /D WIN32 /D NDEBUG /D _WINDOWS /D GAMESERVER_TYPE=1 /D GAMESERVER_UPDATE=803 /D GAMESERVER_LANGUAGE=1 /D _MBCS /Gm- /EHsc /MD /GS /Gy /fp:precise /Zc:wchar_t /Zc:forScope /Yu"StdAfx.h" /Fp"Release\GameServer_EX803CS\GameServer.pch" /Fo"Release\GameServer_EX803CS\\" /Fd"Release\GameServer_EX803CS\vc100.pdb" /Gd /TP /analyze- /errorReport:prompt ..\..\Util\CCRC32.Cpp ..\..\Util\Math.cpp 380ItemOption.cpp 380ItemType.cpp ArcaBattle.cpp Attack.cpp BattleGround.cpp BattleSoccer.cpp BattleSoccerManager.cpp BloodCastle.cpp BonusManager.cpp BotBuffer.cpp CannonTower.cpp CashShop.cpp CastleDeep.cpp CastleSiege.cpp CastleSiegeCrown.cpp CastleSiegeCrownSwitch.cpp CastleSiegeSync.cpp CastleSiegeWeapon.cpp ChaosBox.cpp ChaosCastle.cpp ComboSkill.cpp Command.cpp CommandManager.cpp Connection.cpp CriticalSection.cpp Crywolf.cpp CrywolfAltar.cpp CrywolfObjInfo.cpp CrywolfStateTimeInfo.cpp CrywolfStatue.cpp CrywolfSync.cpp CrywolfUtil.cpp CSProtocol.cpp CustomArena.cpp CustomAttack.cpp CustomBuyVip.cpp CustomCombo.cpp CustomCommandDescription.cpp CustomDeathMessage.cpp CustomEventDrop.cpp CustomEventTime.cpp CustomExchangeCoin.cpp CustomJewel.cpp CustomMix.cpp CustomMonster.cpp CustomMove.cpp CustomNpcCollector.cpp CustomNpcCommand.cpp CustomNpcMove.cpp CustomNpcQuest.cpp CustomOnlineLottery.cpp CustomPick.cpp CustomQuest.cpp CustomQuiz.cpp CustomRanking.cpp CustomRankUser.cpp CustomStartItem.cpp CustomStore.cpp CustomTop.cpp CustomWing.cpp CustomWingMix.cpp DarkSpirit.cpp DefaultClassInfo.cpp DevilSquare.cpp DoubleGoer.cpp DSProtocol.cpp Duel.cpp Effect.cpp EffectManager.cpp ESProtocol.cpp EventGvG.cpp EventHideAndSeek.cpp EventInventory.cpp EventKillAll.cpp EventPvP.cpp EventQuickly.cpp EventRunAndCatch.cpp EventRussianRoulette.cpp EventStart.cpp EventTvT.cpp ExperienceTable.cpp Filter.cpp FilterRaname.cpp Fruit.cpp GameMain.cpp GameMaster.cpp GameServer.cpp Gate.cpp GensSystem.cpp GuardianStatue.cpp Guild.cpp GuildClass.cpp GuildMatching.cpp HackCheck.cpp HackPacketCheck.cpp HackSkillCheck.cpp Helper.cpp IllusionTemple.cpp ImperialGuardian.cpp InvasionManager.cpp InventoryEquipment.cpp IpManager.cpp Item.cpp ItemBag.cpp ItemBagEx.cpp ItemBagManager.cpp ItemDrop.cpp ItemExcellentOptionRate.cpp ItemManager.cpp ItemMove.cpp ItemOption.cpp ItemOptionRate.cpp ItemStack.cpp ItemValue.cpp ItemValueTrade.cpp JewelMix.cpp JewelOfHarmonyOption.cpp JewelOfHarmonyType.cpp JSProtocol.cpp Kalima.cpp Kanturu.cpp KanturuBattleOfMaya.cpp KanturuBattleOfNightmare.cpp KanturuBattleStanby.cpp KanturuBattleUserMng.cpp KanturuEntranceNPC.cpp KanturuMaya.cpp KanturuMonsterMng.cpp KanturuObjInfo.cpp KanturuStateInfo.cpp KanturuTowerOfRefinement.cpp KanturuUtil.cpp LifeStone.cpp Log.cpp LuckyCoin.cpp LuckyItem.cpp Map.cpp MapItem.cpp MapManager.cpp MapPath.cpp MapServerManager.cpp MasterSkillTree.cpp MemoryAllocator.cpp MemoryAllocatorInfo.cpp MemScript.cpp Mercenary.cpp Message.cpp MiniDump.cpp MiniMap.cpp MiningSystem.cpp Monster.cpp MonsterAI.cpp MonsterAIAgro.cpp MonsterAIAutomata.cpp MonsterAIAutomataInfo.cpp MonsterAIElement.cpp MonsterAIElementInfo.cpp MonsterAIGroup.cpp MonsterAIGroupMember.cpp MonsterAIMovePath.cpp MonsterAIMovePathInfo.cpp MonsterAIRule.cpp MonsterAIRuleInfo.cpp MonsterAIState.cpp MonsterAIUnit.cpp MonsterAIUnitInfo.cpp MonsterAIUtil.cpp MonsterManager.cpp MonsterSetBase.cpp MonsterSkillElement.cpp MonsterSkillElementInfo.cpp MonsterSkillElementOption.cpp MonsterSkillInfo.cpp MonsterSkillManager.cpp MonsterSkillUnit.cpp MonsterSkillUnitInfo.cpp MossMerchant.cpp Move.cpp MoveSummon.cpp MuRummy.cpp MuunSystem.cpp Notice.cpp NpcTalk.cpp ObjectManager.cpp PacketManager.cpp Party.cpp PartyMatching.cpp Path.cpp PcPoint.cpp PentagramSystem.cpp PersonalShop.cpp Protect.cpp Protocol.cpp Quest.cpp QuestObjective.cpp QuestReward.cpp QuestWorld.cpp QuestWorldObjective.cpp QuestWorldReward.cpp Queue.cpp QueueTimer.cpp Raklion.cpp RaklionBattleOfSelupan.cpp RaklionBattleUser.cpp RaklionBattleUserMng.cpp RaklionObjInfo.cpp RaklionSelupan.cpp RaklionUtil.cpp RandomManager.cpp Reconnect.cpp ReiDoMu.cpp ResetTable.cpp ScheduleManager.cpp SerialCheck.cpp ServerDisplayer.cpp ServerInfo.cpp SetItemOption.cpp SetItemType.cpp Shop.cpp ShopManager.cpp Skill.cpp SkillDamage.cpp SkillHitBox.cpp SkillManager.cpp SocketItemOption.cpp SocketItemType.cpp SocketManager.cpp SocketManagerUdp.cpp SummonScroll.cpp Trade.cpp Union.cpp UnionInfo.cpp User.cpp Util.cpp Viewport.cpp Warehouse.cpp
         CCRC32.Cpp
         Math.cpp
         380ItemOption.cpp
         380ItemType.cpp
         ArcaBattle.cpp
         Attack.cpp
         BattleGround.cpp
         BattleSoccer.cpp
         BattleSoccerManager.cpp
         BloodCastle.cpp
         BonusManager.cpp
         BotBuffer.cpp
         CannonTower.cpp
         CashShop.cpp
         CastleDeep.cpp
         CastleSiege.cpp
         CastleSiegeCrown.cpp
         CastleSiegeCrownSwitch.cpp
         CastleSiegeSync.cpp
         CastleSiegeWeapon.cpp
         Compiling...
         ChaosBox.cpp
         ChaosCastle.cpp
         ComboSkill.cpp
         Command.cpp
         CommandManager.cpp
         Connection.cpp
         CriticalSection.cpp
         Crywolf.cpp
         CrywolfAltar.cpp
         CrywolfObjInfo.cpp
         CrywolfStateTimeInfo.cpp
         CrywolfStatue.cpp
         CrywolfSync.cpp
         CrywolfUtil.cpp
         CSProtocol.cpp
         CustomArena.cpp
         CustomAttack.cpp
         CustomBuyVip.cpp
         CustomCombo.cpp
         CustomCommandDescription.cpp
         Compiling...
         CustomDeathMessage.cpp
         CustomEventDrop.cpp
         CustomEventTime.cpp
         CustomExchangeCoin.cpp
         CustomJewel.cpp
         CustomMix.cpp
         CustomMonster.cpp
         CustomMove.cpp
         CustomNpcCollector.cpp
         CustomNpcCommand.cpp
         CustomNpcMove.cpp
         CustomNpcQuest.cpp
         CustomOnlineLottery.cpp
         CustomPick.cpp
         CustomQuest.cpp
         CustomQuiz.cpp
     1>CustomQuiz.cpp(434): warning C4996: '_strlwr': This function or variable may be unsafe. Consider using _strlwr_s instead. To disable deprecation, use _CRT_SECURE_NO_WARNINGS. See online help for details.
                 C:\Program Files (x86)\Microsoft Visual Studio 10.0\VC\include\string.h(164) : see declaration of '_strlwr'
         CustomRanking.cpp
         CustomRankUser.cpp
         CustomStartItem.cpp
         CustomStore.cpp
         Compiling...
         CustomTop.cpp
         CustomWing.cpp
         CustomWingMix.cpp
         DarkSpirit.cpp
         DefaultClassInfo.cpp
         DevilSquare.cpp
         DoubleGoer.cpp
         DSProtocol.cpp
         Duel.cpp
         Effect.cpp
         EffectManager.cpp
         ESProtocol.cpp
         EventGvG.cpp
         EventHideAndSeek.cpp
         EventInventory.cpp
         EventKillAll.cpp
         EventPvP.cpp
         EventQuickly.cpp
         EventRunAndCatch.cpp
         EventRussianRoulette.cpp
         Compiling...
         EventStart.cpp
         EventTvT.cpp
         ExperienceTable.cpp
         Filter.cpp
         FilterRaname.cpp
         Fruit.cpp
         GameMain.cpp
         GameMaster.cpp
         GameServer.cpp
         Gate.cpp
         GensSystem.cpp
         GuardianStatue.cpp
         Guild.cpp
         GuildClass.cpp
         GuildMatching.cpp
         HackCheck.cpp
         HackPacketCheck.cpp
         HackSkillCheck.cpp
         Helper.cpp
         IllusionTemple.cpp
         Compiling...
         ImperialGuardian.cpp
         InvasionManager.cpp
         InventoryEquipment.cpp
         IpManager.cpp
         Item.cpp
         ItemBag.cpp
         ItemBagEx.cpp
         ItemBagManager.cpp
         ItemDrop.cpp
         ItemExcellentOptionRate.cpp
         ItemManager.cpp
         ItemMove.cpp
         ItemOption.cpp
         ItemOptionRate.cpp
         ItemStack.cpp
         ItemValue.cpp
         ItemValueTrade.cpp
         JewelMix.cpp
         JewelOfHarmonyOption.cpp
         JewelOfHarmonyType.cpp
         Compiling...
         JSProtocol.cpp
     1>JSProtocol.cpp(133): warning C4244: 'argument' : conversion from 'long' to 'WORD', possible loss of data
         Kalima.cpp
         Kanturu.cpp
         KanturuBattleOfMaya.cpp
         KanturuBattleOfNightmare.cpp
         KanturuBattleStanby.cpp
         KanturuBattleUserMng.cpp
         KanturuEntranceNPC.cpp
         KanturuMaya.cpp
         KanturuMonsterMng.cpp
         KanturuObjInfo.cpp
         KanturuStateInfo.cpp
         KanturuTowerOfRefinement.cpp
         KanturuUtil.cpp
         LifeStone.cpp
         Log.cpp
         LuckyCoin.cpp
         LuckyItem.cpp
         Map.cpp
         MapItem.cpp
         Compiling...
         MapManager.cpp
         MapPath.cpp
         MapServerManager.cpp
         MasterSkillTree.cpp
         MemoryAllocator.cpp
         MemoryAllocatorInfo.cpp
         MemScript.cpp
         Mercenary.cpp
         Message.cpp
         MiniDump.cpp
         MiniMap.cpp
         MiningSystem.cpp
         Monster.cpp
         MonsterAI.cpp
         MonsterAIAgro.cpp
         MonsterAIAutomata.cpp
         MonsterAIAutomataInfo.cpp
         MonsterAIElement.cpp
         MonsterAIElementInfo.cpp
         MonsterAIGroup.cpp
         Compiling...
         MonsterAIGroupMember.cpp
         MonsterAIMovePath.cpp
         MonsterAIMovePathInfo.cpp
         MonsterAIRule.cpp
         MonsterAIRuleInfo.cpp
         MonsterAIState.cpp
         MonsterAIUnit.cpp
         MonsterAIUnitInfo.cpp
         MonsterAIUtil.cpp
         MonsterManager.cpp
         MonsterSetBase.cpp
         MonsterSkillElement.cpp
         MonsterSkillElementInfo.cpp
         MonsterSkillElementOption.cpp
         MonsterSkillInfo.cpp
         MonsterSkillManager.cpp
         MonsterSkillUnit.cpp
         MonsterSkillUnitInfo.cpp
         MossMerchant.cpp
         Move.cpp
         Compiling...
         MoveSummon.cpp
         MuRummy.cpp
         MuunSystem.cpp
         Notice.cpp
         NpcTalk.cpp
         ObjectManager.cpp
         PacketManager.cpp
         Party.cpp
         PartyMatching.cpp
         Path.cpp
         PcPoint.cpp
         PentagramSystem.cpp
         PersonalShop.cpp
         Protect.cpp
         Protocol.cpp
         Quest.cpp
         QuestObjective.cpp
         QuestReward.cpp
         QuestWorld.cpp
         QuestWorldObjective.cpp
         Compiling...
         QuestWorldReward.cpp
         Queue.cpp
         QueueTimer.cpp
         Raklion.cpp
         RaklionBattleOfSelupan.cpp
         RaklionBattleUser.cpp
         RaklionBattleUserMng.cpp
         RaklionObjInfo.cpp
         RaklionSelupan.cpp
         RaklionUtil.cpp
         RandomManager.cpp
         Reconnect.cpp
         ReiDoMu.cpp
         ResetTable.cpp
         ScheduleManager.cpp
         SerialCheck.cpp
         ServerDisplayer.cpp
         ServerInfo.cpp
         SetItemOption.cpp
         SetItemType.cpp
         Compiling...
         Shop.cpp
         ShopManager.cpp
         Skill.cpp
         SkillDamage.cpp
     1>SkillDamage.cpp(100): warning C4101: 'SkillDamageInfo' : unreferenced local variable
         SkillHitBox.cpp
         SkillManager.cpp
     1>SkillManager.cpp(5938): warning C4800: 'int' : forcing value to bool 'true' or 'false' (performance warning)
     1>SkillManager.cpp(5942): warning C4800: 'int' : forcing value to bool 'true' or 'false' (performance warning)
     1>SkillManager.cpp(5946): warning C4800: 'int' : forcing value to bool 'true' or 'false' (performance warning)
         SocketItemOption.cpp
         SocketItemType.cpp
         SocketManager.cpp
         SocketManagerUdp.cpp
         SummonScroll.cpp
         Trade.cpp
         Union.cpp
         UnionInfo.cpp
         User.cpp
         Util.cpp
         Viewport.cpp
         Warehouse.cpp
       ResourceCompile:
         C:\Program Files (x86)\Microsoft SDKs\Windows\v7.0A\bin\rc.exe /l"0x0409" /nologo /fo"Release\GameServer_EX803CS\GameServer.res" GameServer.rc 
       Link:
         C:\Program Files (x86)\Microsoft Visual Studio 10.0\VC\bin\link.exe /ERRORREPORT:PROMPT /OUT:"D:\Source\Source MundoMU\Source MundoMU 29112018 (Update 15)\GameServer\Release\GameServer_EX803CS\GameServer.exe" /INCREMENTAL:NO /NOLOGO kernel32.lib user32.lib gdi32.lib winspool.lib comdlg32.lib advapi32.lib shell32.lib ole32.lib oleaut32.lib uuid.lib odbc32.lib odbccp32.lib /MANIFEST /ManifestFile:"Release\GameServer_EX803CS\GameServer.exe.intermediate.manifest" /MANIFESTUAC:"level='asInvoker' uiAccess='false'" /DEBUG /PDB:"D:\Source\Source MundoMU\Source MundoMU 29112018 (Update 15)\GameServer\Release\GameServer_EX803CS\GameServer.pdb" /SUBSYSTEM:WINDOWS /OPT:REF /OPT:ICF /LTCG /TLBID:1 /DYNAMICBASE /NXCOMPAT /IMPLIB:"D:\Source\Source MundoMU\Source MundoMU 29112018 (Update 15)\GameServer\Release\GameServer_EX803CS\GameServer.lib" /MACHINE:X86 Release\GameServer_EX803CS\GameServer.res
         Release\GameServer_EX803CS\CCRC32.obj
         Release\GameServer_EX803CS\Math.obj
         Release\GameServer_EX803CS\380ItemOption.obj
         Release\GameServer_EX803CS\380ItemType.obj
         Release\GameServer_EX803CS\ArcaBattle.obj
         Release\GameServer_EX803CS\Attack.obj
         Release\GameServer_EX803CS\BattleGround.obj
         Release\GameServer_EX803CS\BattleSoccer.obj
         Release\GameServer_EX803CS\BattleSoccerManager.obj
         Release\GameServer_EX803CS\BloodCastle.obj
         Release\GameServer_EX803CS\BonusManager.obj
         Release\GameServer_EX803CS\BotBuffer.obj
         Release\GameServer_EX803CS\CannonTower.obj
         Release\GameServer_EX803CS\CashShop.obj
         Release\GameServer_EX803CS\CastleDeep.obj
         Release\GameServer_EX803CS\CastleSiege.obj
         Release\GameServer_EX803CS\CastleSiegeCrown.obj
         Release\GameServer_EX803CS\CastleSiegeCrownSwitch.obj
         Release\GameServer_EX803CS\CastleSiegeSync.obj
         Release\GameServer_EX803CS\CastleSiegeWeapon.obj
         Release\GameServer_EX803CS\ChaosBox.obj
         Release\GameServer_EX803CS\ChaosCastle.obj
         Release\GameServer_EX803CS\ComboSkill.obj
         Release\GameServer_EX803CS\Command.obj
         Release\GameServer_EX803CS\CommandManager.obj
         Release\GameServer_EX803CS\Connection.obj
         Release\GameServer_EX803CS\CriticalSection.obj
         Release\GameServer_EX803CS\Crywolf.obj
         Release\GameServer_EX803CS\CrywolfAltar.obj
         Release\GameServer_EX803CS\CrywolfObjInfo.obj
         Release\GameServer_EX803CS\CrywolfStateTimeInfo.obj
         Release\GameServer_EX803CS\CrywolfStatue.obj
         Release\GameServer_EX803CS\CrywolfSync.obj
         Release\GameServer_EX803CS\CrywolfUtil.obj
         Release\GameServer_EX803CS\CSProtocol.obj
         Release\GameServer_EX803CS\CustomArena.obj
         Release\GameServer_EX803CS\CustomAttack.obj
         Release\GameServer_EX803CS\CustomBuyVip.obj
         Release\GameServer_EX803CS\CustomCombo.obj
         Release\GameServer_EX803CS\CustomCommandDescription.obj
         Release\GameServer_EX803CS\CustomDeathMessage.obj
         Release\GameServer_EX803CS\CustomEventDrop.obj
         Release\GameServer_EX803CS\CustomEventTime.obj
         Release\GameServer_EX803CS\CustomExchangeCoin.obj
         Release\GameServer_EX803CS\CustomJewel.obj
         Release\GameServer_EX803CS\CustomMix.obj
         Release\GameServer_EX803CS\CustomMonster.obj
         Release\GameServer_EX803CS\CustomMove.obj
         Release\GameServer_EX803CS\CustomNpcCollector.obj
         Release\GameServer_EX803CS\CustomNpcCommand.obj
         Release\GameServer_EX803CS\CustomNpcMove.obj
         Release\GameServer_EX803CS\CustomNpcQuest.obj
         Release\GameServer_EX803CS\CustomOnlineLottery.obj
         Release\GameServer_EX803CS\CustomPick.obj
         Release\GameServer_EX803CS\CustomQuest.obj
         Release\GameServer_EX803CS\CustomQuiz.obj
         Release\GameServer_EX803CS\CustomRanking.obj
         Release\GameServer_EX803CS\CustomRankUser.obj
         Release\GameServer_EX803CS\CustomStartItem.obj
         Release\GameServer_EX803CS\CustomStore.obj
         Release\GameServer_EX803CS\CustomTop.obj
         Release\GameServer_EX803CS\CustomWing.obj
         Release\GameServer_EX803CS\CustomWingMix.obj
         Release\GameServer_EX803CS\DarkSpirit.obj
         Release\GameServer_EX803CS\DefaultClassInfo.obj
         Release\GameServer_EX803CS\DevilSquare.obj
         Release\GameServer_EX803CS\DoubleGoer.obj
         Release\GameServer_EX803CS\DSProtocol.obj
         Release\GameServer_EX803CS\Duel.obj
         Release\GameServer_EX803CS\Effect.obj
         Release\GameServer_EX803CS\EffectManager.obj
         Release\GameServer_EX803CS\ESProtocol.obj
         Release\GameServer_EX803CS\EventGvG.obj
         Release\GameServer_EX803CS\EventHideAndSeek.obj
         Release\GameServer_EX803CS\EventInventory.obj
         Release\GameServer_EX803CS\EventKillAll.obj
         Release\GameServer_EX803CS\EventPvP.obj
         Release\GameServer_EX803CS\EventQuickly.obj
         Release\GameServer_EX803CS\EventRunAndCatch.obj
         Release\GameServer_EX803CS\EventRussianRoulette.obj
         Release\GameServer_EX803CS\EventStart.obj
         Release\GameServer_EX803CS\EventTvT.obj
         Release\GameServer_EX803CS\ExperienceTable.obj
         Release\GameServer_EX803CS\Filter.obj
         Release\GameServer_EX803CS\FilterRaname.obj
         Release\GameServer_EX803CS\Fruit.obj
         Release\GameServer_EX803CS\GameMain.obj
         Release\GameServer_EX803CS\GameMaster.obj
         Release\GameServer_EX803CS\GameServer.obj
         Release\GameServer_EX803CS\Gate.obj
         Release\GameServer_EX803CS\GensSystem.obj
         Release\GameServer_EX803CS\GuardianStatue.obj
         Release\GameServer_EX803CS\Guild.obj
         Release\GameServer_EX803CS\GuildClass.obj
         Release\GameServer_EX803CS\GuildMatching.obj
         Release\GameServer_EX803CS\HackCheck.obj
         Release\GameServer_EX803CS\HackPacketCheck.obj
         Release\GameServer_EX803CS\HackSkillCheck.obj
         Release\GameServer_EX803CS\Helper.obj
         Release\GameServer_EX803CS\IllusionTemple.obj
         Release\GameServer_EX803CS\ImperialGuardian.obj
         Release\GameServer_EX803CS\InvasionManager.obj
         Release\GameServer_EX803CS\InventoryEquipment.obj
         Release\GameServer_EX803CS\IpManager.obj
         Release\GameServer_EX803CS\Item.obj
         Release\GameServer_EX803CS\ItemBag.obj
         Release\GameServer_EX803CS\ItemBagEx.obj
         Release\GameServer_EX803CS\ItemBagManager.obj
         Release\GameServer_EX803CS\ItemDrop.obj
         Release\GameServer_EX803CS\ItemExcellentOptionRate.obj
         Release\GameServer_EX803CS\ItemManager.obj
         Release\GameServer_EX803CS\ItemMove.obj
         Release\GameServer_EX803CS\ItemOption.obj
         Release\GameServer_EX803CS\ItemOptionRate.obj
         Release\GameServer_EX803CS\ItemStack.obj
         Release\GameServer_EX803CS\ItemValue.obj
         Release\GameServer_EX803CS\ItemValueTrade.obj
         Release\GameServer_EX803CS\JewelMix.obj
         Release\GameServer_EX803CS\JewelOfHarmonyOption.obj
         Release\GameServer_EX803CS\JewelOfHarmonyType.obj
         Release\GameServer_EX803CS\JSProtocol.obj
         Release\GameServer_EX803CS\Kalima.obj
         Release\GameServer_EX803CS\Kanturu.obj
         Release\GameServer_EX803CS\KanturuBattleOfMaya.obj
         Release\GameServer_EX803CS\KanturuBattleOfNightmare.obj
         Release\GameServer_EX803CS\KanturuBattleStanby.obj
         Release\GameServer_EX803CS\KanturuBattleUserMng.obj
         Release\GameServer_EX803CS\KanturuEntranceNPC.obj
         Release\GameServer_EX803CS\KanturuMaya.obj
         Release\GameServer_EX803CS\KanturuMonsterMng.obj
         Release\GameServer_EX803CS\KanturuObjInfo.obj
         Release\GameServer_EX803CS\KanturuStateInfo.obj
         Release\GameServer_EX803CS\KanturuTowerOfRefinement.obj
         Release\GameServer_EX803CS\KanturuUtil.obj
         Release\GameServer_EX803CS\LifeStone.obj
         Release\GameServer_EX803CS\Log.obj
         Release\GameServer_EX803CS\LuckyCoin.obj
         Release\GameServer_EX803CS\LuckyItem.obj
         Release\GameServer_EX803CS\Map.obj
         Release\GameServer_EX803CS\MapItem.obj
         Release\GameServer_EX803CS\MapManager.obj
         Release\GameServer_EX803CS\MapPath.obj
         Release\GameServer_EX803CS\MapServerManager.obj
         Release\GameServer_EX803CS\MasterSkillTree.obj
         Release\GameServer_EX803CS\MemoryAllocator.obj
         Release\GameServer_EX803CS\MemoryAllocatorInfo.obj
         Release\GameServer_EX803CS\MemScript.obj
         Release\GameServer_EX803CS\Mercenary.obj
         Release\GameServer_EX803CS\Message.obj
         Release\GameServer_EX803CS\MiniDump.obj
         Release\GameServer_EX803CS\MiniMap.obj
         Release\GameServer_EX803CS\MiningSystem.obj
         Release\GameServer_EX803CS\Monster.obj
         Release\GameServer_EX803CS\MonsterAI.obj
         Release\GameServer_EX803CS\MonsterAIAgro.obj
         Release\GameServer_EX803CS\MonsterAIAutomata.obj
         Release\GameServer_EX803CS\MonsterAIAutomataInfo.obj
         Release\GameServer_EX803CS\MonsterAIElement.obj
         Release\GameServer_EX803CS\MonsterAIElementInfo.obj
         Release\GameServer_EX803CS\MonsterAIGroup.obj
         Release\GameServer_EX803CS\MonsterAIGroupMember.obj
         Release\GameServer_EX803CS\MonsterAIMovePath.obj
         Release\GameServer_EX803CS\MonsterAIMovePathInfo.obj
         Release\GameServer_EX803CS\MonsterAIRule.obj
         Release\GameServer_EX803CS\MonsterAIRuleInfo.obj
         Release\GameServer_EX803CS\MonsterAIState.obj
         Release\GameServer_EX803CS\MonsterAIUnit.obj
         Release\GameServer_EX803CS\MonsterAIUnitInfo.obj
         Release\GameServer_EX803CS\MonsterAIUtil.obj
         Release\GameServer_EX803CS\MonsterManager.obj
         Release\GameServer_EX803CS\MonsterSetBase.obj
         Release\GameServer_EX803CS\MonsterSkillElement.obj
         Release\GameServer_EX803CS\MonsterSkillElementInfo.obj
         Release\GameServer_EX803CS\MonsterSkillElementOption.obj
         Release\GameServer_EX803CS\MonsterSkillInfo.obj
         Release\GameServer_EX803CS\MonsterSkillManager.obj
         Release\GameServer_EX803CS\MonsterSkillUnit.obj
         Release\GameServer_EX803CS\MonsterSkillUnitInfo.obj
         Release\GameServer_EX803CS\MossMerchant.obj
         Release\GameServer_EX803CS\Move.obj
         Release\GameServer_EX803CS\MoveSummon.obj
         Release\GameServer_EX803CS\MuRummy.obj
         Release\GameServer_EX803CS\MuunSystem.obj
         Release\GameServer_EX803CS\Notice.obj
         Release\GameServer_EX803CS\NpcTalk.obj
         Release\GameServer_EX803CS\ObjectManager.obj
         Release\GameServer_EX803CS\PacketManager.obj
         Release\GameServer_EX803CS\Party.obj
         Release\GameServer_EX803CS\PartyMatching.obj
         Release\GameServer_EX803CS\Path.obj
         Release\GameServer_EX803CS\PcPoint.obj
         Release\GameServer_EX803CS\PentagramSystem.obj
         Release\GameServer_EX803CS\PersonalShop.obj
         Release\GameServer_EX803CS\Protect.obj
         Release\GameServer_EX803CS\Protocol.obj
         Release\GameServer_EX803CS\Quest.obj
         Release\GameServer_EX803CS\QuestObjective.obj
         Release\GameServer_EX803CS\QuestReward.obj
         Release\GameServer_EX803CS\QuestWorld.obj
         Release\GameServer_EX803CS\QuestWorldObjective.obj
         Release\GameServer_EX803CS\QuestWorldReward.obj
         Release\GameServer_EX803CS\Queue.obj
         Release\GameServer_EX803CS\QueueTimer.obj
         Release\GameServer_EX803CS\Raklion.obj
         Release\GameServer_EX803CS\RaklionBattleOfSelupan.obj
         Release\GameServer_EX803CS\RaklionBattleUser.obj
         Release\GameServer_EX803CS\RaklionBattleUserMng.obj
         Release\GameServer_EX803CS\RaklionObjInfo.obj
         Release\GameServer_EX803CS\RaklionSelupan.obj
         Release\GameServer_EX803CS\RaklionUtil.obj
         Release\GameServer_EX803CS\RandomManager.obj
         Release\GameServer_EX803CS\Reconnect.obj
         Release\GameServer_EX803CS\ReiDoMu.obj
         Release\GameServer_EX803CS\ResetTable.obj
         Release\GameServer_EX803CS\ScheduleManager.obj
         Release\GameServer_EX803CS\SerialCheck.obj
         Release\GameServer_EX803CS\ServerDisplayer.obj
         Release\GameServer_EX803CS\ServerInfo.obj
         Release\GameServer_EX803CS\SetItemOption.obj
         Release\GameServer_EX803CS\SetItemType.obj
         Release\GameServer_EX803CS\Shop.obj
         Release\GameServer_EX803CS\ShopManager.obj
         Release\GameServer_EX803CS\Skill.obj
         Release\GameServer_EX803CS\SkillDamage.obj
         Release\GameServer_EX803CS\SkillHitBox.obj
         Release\GameServer_EX803CS\SkillManager.obj
         Release\GameServer_EX803CS\SocketItemOption.obj
         Release\GameServer_EX803CS\SocketItemType.obj
         Release\GameServer_EX803CS\SocketManager.obj
         Release\GameServer_EX803CS\SocketManagerUdp.obj
         Release\GameServer_EX803CS\stdafx.obj
         Release\GameServer_EX803CS\SummonScroll.obj
         Release\GameServer_EX803CS\Trade.obj
         Release\GameServer_EX803CS\Union.obj
         Release\GameServer_EX803CS\UnionInfo.obj
         Release\GameServer_EX803CS\User.obj
         Release\GameServer_EX803CS\Util.obj
         Release\GameServer_EX803CS\Viewport.obj
         Release\GameServer_EX803CS\Warehouse.obj
         Generating code
         Finished generating code
         GameServer.vcxproj -> D:\Source\Source MundoMU\Source MundoMU 29112018 (Update 15)\GameServer\Release\GameServer_EX803CS\GameServer.exe
       Manifest:
         C:\Program Files (x86)\Microsoft SDKs\Windows\v7.0A\bin\mt.exe /nologo /verbose /outputresource:"D:\Source\Source MundoMU\Source MundoMU 29112018 (Update 15)\GameServer\Release\GameServer_EX803CS\GameServer.exe;#1" /manifest Release\GameServer_EX803CS\GameServer.exe.intermediate.manifest
       FinalizeBuildStatus:
         Deleting file "Release\GameServer_EX803CS\GameServer.unsuccessfulbuild".
         Touching "Release\GameServer_EX803CS\GameServer.lastbuildstate".
     1>Done Building Project "D:\Source\Source MundoMU\Source MundoMU 29112018 (Update 15)\GameServer\GameServer\GameServer.vcxproj" (build target(s)).

Build succeeded.

Time Elapsed 00:00:29.10
