Build started 04/08/2020 19:40:53.
     1>Project "E:\Source\Source MundoMU\Source MundoMU 29112018 (Update 15)\GameServer\GameServer\GameServer.vcxproj" on node 2 (build target(s)).
     1>InitializeBuildStatus:
         Creating "Release\GameServer_EX803\GameServer.unsuccessfulbuild" because "AlwaysCreate" was specified.
       ClCompile:
         All outputs are up-to-date.
         C:\Program Files (x86)\Microsoft Visual Studio 10.0\VC\bin\CL.exe /c /Zi /nologo /W3 /WX- /O2 /Oi /Oy- /GL /D WIN32 /D NDEBUG /D _WINDOWS /D GAMESERVER_TYPE=0 /D GAMESERVER_UPDATE=803 /D GAMESERVER_LANGUAGE=1 /D _MBCS /Gm- /EHsc /MD /GS /Gy /fp:precise /Zc:wchar_t /Zc:forScope /Yu"StdAfx.h" /Fp"Release\GameServer_EX803\GameServer.pch" /Fo"Release\GameServer_EX803\\" /Fd"Release\GameServer_EX803\vc100.pdb" /Gd /TP /analyze- /errorReport:prompt User.cpp
         User.cpp
       ResourceCompile:
         All outputs are up-to-date.
       Link:
         C:\Program Files (x86)\Microsoft Visual Studio 10.0\VC\bin\link.exe /ERRORREPORT:PROMPT /OUT:"E:\Source\Source MundoMU\Source MundoMU 29112018 (Update 15)\GameServer\Release\GameServer_EX803\GameServer.exe" /INCREMENTAL:NO /NOLOGO kernel32.lib user32.lib gdi32.lib winspool.lib comdlg32.lib advapi32.lib shell32.lib ole32.lib oleaut32.lib uuid.lib odbc32.lib odbccp32.lib /MANIFEST /ManifestFile:"Release\GameServer_EX803\GameServer.exe.intermediate.manifest" /MANIFESTUAC:"level='asInvoker' uiAccess='false'" /DEBUG /PDB:"E:\Source\Source MundoMU\Source MundoMU 29112018 (Update 15)\GameServer\Release\GameServer_EX803\GameServer.pdb" /SUBSYSTEM:WINDOWS /OPT:REF /OPT:ICF /LTCG /TLBID:1 /DYNAMICBASE /NXCOMPAT /IMPLIB:"E:\Source\Source MundoMU\Source MundoMU 29112018 (Update 15)\GameServer\Release\GameServer_EX803\GameServer.lib" /MACHINE:X86 Release\GameServer_EX803\GameServer.res
         Release\GameServer_EX803\CCRC32.obj
         Release\GameServer_EX803\Math.obj
         Release\GameServer_EX803\380ItemOption.obj
         Release\GameServer_EX803\380ItemType.obj
         Release\GameServer_EX803\ArcaBattle.obj
         Release\GameServer_EX803\Attack.obj
         Release\GameServer_EX803\BattleGround.obj
         Release\GameServer_EX803\BattleSoccer.obj
         Release\GameServer_EX803\BattleSoccerManager.obj
         Release\GameServer_EX803\BloodCastle.obj
         Release\GameServer_EX803\BonusManager.obj
         Release\GameServer_EX803\BotBuffer.obj
         Release\GameServer_EX803\CannonTower.obj
         Release\GameServer_EX803\CashShop.obj
         Release\GameServer_EX803\CastleDeep.obj
         Release\GameServer_EX803\CastleSiege.obj
         Release\GameServer_EX803\CastleSiegeCrown.obj
         Release\GameServer_EX803\CastleSiegeCrownSwitch.obj
         Release\GameServer_EX803\CastleSiegeSync.obj
         Release\GameServer_EX803\CastleSiegeWeapon.obj
         Release\GameServer_EX803\ChaosBox.obj
         Release\GameServer_EX803\ChaosCastle.obj
         Release\GameServer_EX803\ComboSkill.obj
         Release\GameServer_EX803\Command.obj
         Release\GameServer_EX803\CommandManager.obj
         Release\GameServer_EX803\Connection.obj
         Release\GameServer_EX803\CriticalSection.obj
         Release\GameServer_EX803\Crywolf.obj
         Release\GameServer_EX803\CrywolfAltar.obj
         Release\GameServer_EX803\CrywolfObjInfo.obj
         Release\GameServer_EX803\CrywolfStateTimeInfo.obj
         Release\GameServer_EX803\CrywolfStatue.obj
         Release\GameServer_EX803\CrywolfSync.obj
         Release\GameServer_EX803\CrywolfUtil.obj
         Release\GameServer_EX803\CSProtocol.obj
         Release\GameServer_EX803\CustomArena.obj
         Release\GameServer_EX803\CustomAttack.obj
         Release\GameServer_EX803\CustomBuyVip.obj
         Release\GameServer_EX803\CustomCombo.obj
         Release\GameServer_EX803\CustomCommandDescription.obj
         Release\GameServer_EX803\CustomDeathMessage.obj
         Release\GameServer_EX803\CustomEventDrop.obj
         Release\GameServer_EX803\CustomEventTime.obj
         Release\GameServer_EX803\CustomExchangeCoin.obj
         Release\GameServer_EX803\CustomJewel.obj
         Release\GameServer_EX803\CustomMix.obj
         Release\GameServer_EX803\CustomMonster.obj
         Release\GameServer_EX803\CustomMove.obj
         Release\GameServer_EX803\CustomNpcCollector.obj
         Release\GameServer_EX803\CustomNpcCommand.obj
         Release\GameServer_EX803\CustomNpcMove.obj
         Release\GameServer_EX803\CustomNpcQuest.obj
         Release\GameServer_EX803\CustomOnlineLottery.obj
         Release\GameServer_EX803\CustomPick.obj
         Release\GameServer_EX803\CustomQuest.obj
         Release\GameServer_EX803\CustomQuiz.obj
         Release\GameServer_EX803\CustomRanking.obj
         Release\GameServer_EX803\CustomRankUser.obj
         Release\GameServer_EX803\CustomStartItem.obj
         Release\GameServer_EX803\CustomStore.obj
         Release\GameServer_EX803\CustomTop.obj
         Release\GameServer_EX803\CustomWing.obj
         Release\GameServer_EX803\CustomWingMix.obj
         Release\GameServer_EX803\DarkSpirit.obj
         Release\GameServer_EX803\DefaultClassInfo.obj
         Release\GameServer_EX803\DevilSquare.obj
         Release\GameServer_EX803\DoubleGoer.obj
         Release\GameServer_EX803\DSProtocol.obj
         Release\GameServer_EX803\Duel.obj
         Release\GameServer_EX803\Effect.obj
         Release\GameServer_EX803\EffectManager.obj
         Release\GameServer_EX803\ESProtocol.obj
         Release\GameServer_EX803\EventGvG.obj
         Release\GameServer_EX803\EventHideAndSeek.obj
         Release\GameServer_EX803\EventInventory.obj
         Release\GameServer_EX803\EventKillAll.obj
         Release\GameServer_EX803\EventPvP.obj
         Release\GameServer_EX803\EventQuickly.obj
         Release\GameServer_EX803\EventRunAndCatch.obj
         Release\GameServer_EX803\EventRussianRoulette.obj
         Release\GameServer_EX803\EventStart.obj
         Release\GameServer_EX803\EventTvT.obj
         Release\GameServer_EX803\ExperienceTable.obj
         Release\GameServer_EX803\Filter.obj
         Release\GameServer_EX803\FilterRaname.obj
         Release\GameServer_EX803\Fruit.obj
         Release\GameServer_EX803\GameMain.obj
         Release\GameServer_EX803\GameMaster.obj
         Release\GameServer_EX803\GameServer.obj
         Release\GameServer_EX803\Gate.obj
         Release\GameServer_EX803\GensSystem.obj
         Release\GameServer_EX803\GuardianStatue.obj
         Release\GameServer_EX803\Guild.obj
         Release\GameServer_EX803\GuildClass.obj
         Release\GameServer_EX803\GuildMatching.obj
         Release\GameServer_EX803\HackCheck.obj
         Release\GameServer_EX803\HackPacketCheck.obj
         Release\GameServer_EX803\HackSkillCheck.obj
         Release\GameServer_EX803\Helper.obj
         Release\GameServer_EX803\IllusionTemple.obj
         Release\GameServer_EX803\ImperialGuardian.obj
         Release\GameServer_EX803\InvasionManager.obj
         Release\GameServer_EX803\InventoryEquipment.obj
         Release\GameServer_EX803\IpManager.obj
         Release\GameServer_EX803\Item.obj
         Release\GameServer_EX803\ItemBag.obj
         Release\GameServer_EX803\ItemBagEx.obj
         Release\GameServer_EX803\ItemBagManager.obj
         Release\GameServer_EX803\ItemDrop.obj
         Release\GameServer_EX803\ItemManager.obj
         Release\GameServer_EX803\ItemMove.obj
         Release\GameServer_EX803\ItemOption.obj
         Release\GameServer_EX803\ItemOptionRate.obj
         Release\GameServer_EX803\ItemStack.obj
         Release\GameServer_EX803\ItemValue.obj
         Release\GameServer_EX803\ItemValueTrade.obj
         Release\GameServer_EX803\JewelMix.obj
         Release\GameServer_EX803\JewelOfHarmonyOption.obj
         Release\GameServer_EX803\JewelOfHarmonyType.obj
         Release\GameServer_EX803\JSProtocol.obj
         Release\GameServer_EX803\Kalima.obj
         Release\GameServer_EX803\Kanturu.obj
         Release\GameServer_EX803\KanturuBattleOfMaya.obj
         Release\GameServer_EX803\KanturuBattleOfNightmare.obj
         Release\GameServer_EX803\KanturuBattleStanby.obj
         Release\GameServer_EX803\KanturuBattleUserMng.obj
         Release\GameServer_EX803\KanturuEntranceNPC.obj
         Release\GameServer_EX803\KanturuMaya.obj
         Release\GameServer_EX803\KanturuMonsterMng.obj
         Release\GameServer_EX803\KanturuObjInfo.obj
         Release\GameServer_EX803\KanturuStateInfo.obj
         Release\GameServer_EX803\KanturuTowerOfRefinement.obj
         Release\GameServer_EX803\KanturuUtil.obj
         Release\GameServer_EX803\LifeStone.obj
         Release\GameServer_EX803\Log.obj
         Release\GameServer_EX803\LuckyCoin.obj
         Release\GameServer_EX803\LuckyItem.obj
         Release\GameServer_EX803\Map.obj
         Release\GameServer_EX803\MapItem.obj
         Release\GameServer_EX803\MapManager.obj
         Release\GameServer_EX803\MapPath.obj
         Release\GameServer_EX803\MapServerManager.obj
         Release\GameServer_EX803\MasterSkillTree.obj
         Release\GameServer_EX803\MemoryAllocator.obj
         Release\GameServer_EX803\MemoryAllocatorInfo.obj
         Release\GameServer_EX803\MemScript.obj
         Release\GameServer_EX803\Mercenary.obj
         Release\GameServer_EX803\Message.obj
         Release\GameServer_EX803\MiniDump.obj
         Release\GameServer_EX803\MiniMap.obj
         Release\GameServer_EX803\MiningSystem.obj
         Release\GameServer_EX803\Monster.obj
         Release\GameServer_EX803\MonsterAI.obj
         Release\GameServer_EX803\MonsterAIAgro.obj
         Release\GameServer_EX803\MonsterAIAutomata.obj
         Release\GameServer_EX803\MonsterAIAutomataInfo.obj
         Release\GameServer_EX803\MonsterAIElement.obj
         Release\GameServer_EX803\MonsterAIElementInfo.obj
         Release\GameServer_EX803\MonsterAIGroup.obj
         Release\GameServer_EX803\MonsterAIGroupMember.obj
         Release\GameServer_EX803\MonsterAIMovePath.obj
         Release\GameServer_EX803\MonsterAIMovePathInfo.obj
         Release\GameServer_EX803\MonsterAIRule.obj
         Release\GameServer_EX803\MonsterAIRuleInfo.obj
         Release\GameServer_EX803\MonsterAIState.obj
         Release\GameServer_EX803\MonsterAIUnit.obj
         Release\GameServer_EX803\MonsterAIUnitInfo.obj
         Release\GameServer_EX803\MonsterAIUtil.obj
         Release\GameServer_EX803\MonsterManager.obj
         Release\GameServer_EX803\MonsterSetBase.obj
         Release\GameServer_EX803\MonsterSkillElement.obj
         Release\GameServer_EX803\MonsterSkillElementInfo.obj
         Release\GameServer_EX803\MonsterSkillElementOption.obj
         Release\GameServer_EX803\MonsterSkillInfo.obj
         Release\GameServer_EX803\MonsterSkillManager.obj
         Release\GameServer_EX803\MonsterSkillUnit.obj
         Release\GameServer_EX803\MonsterSkillUnitInfo.obj
         Release\GameServer_EX803\MossMerchant.obj
         Release\GameServer_EX803\Move.obj
         Release\GameServer_EX803\MoveSummon.obj
         Release\GameServer_EX803\MuRummy.obj
         Release\GameServer_EX803\MuunSystem.obj
         Release\GameServer_EX803\Notice.obj
         Release\GameServer_EX803\NpcTalk.obj
         Release\GameServer_EX803\ObjectManager.obj
         Release\GameServer_EX803\PacketManager.obj
         Release\GameServer_EX803\Party.obj
         Release\GameServer_EX803\PartyMatching.obj
         Release\GameServer_EX803\Path.obj
         Release\GameServer_EX803\PcPoint.obj
         Release\GameServer_EX803\PentagramSystem.obj
         Release\GameServer_EX803\PersonalShop.obj
         Release\GameServer_EX803\Protect.obj
         Release\GameServer_EX803\Protocol.obj
         Release\GameServer_EX803\Quest.obj
         Release\GameServer_EX803\QuestObjective.obj
         Release\GameServer_EX803\QuestReward.obj
         Release\GameServer_EX803\QuestWorld.obj
         Release\GameServer_EX803\QuestWorldObjective.obj
         Release\GameServer_EX803\QuestWorldReward.obj
         Release\GameServer_EX803\Queue.obj
         Release\GameServer_EX803\QueueTimer.obj
         Release\GameServer_EX803\Raklion.obj
         Release\GameServer_EX803\RaklionBattleOfSelupan.obj
         Release\GameServer_EX803\RaklionBattleUser.obj
         Release\GameServer_EX803\RaklionBattleUserMng.obj
         Release\GameServer_EX803\RaklionObjInfo.obj
         Release\GameServer_EX803\RaklionSelupan.obj
         Release\GameServer_EX803\RaklionUtil.obj
         Release\GameServer_EX803\RandomManager.obj
         Release\GameServer_EX803\Reconnect.obj
         Release\GameServer_EX803\ReiDoMu.obj
         Release\GameServer_EX803\ResetTable.obj
         Release\GameServer_EX803\ScheduleManager.obj
         Release\GameServer_EX803\SerialCheck.obj
         Release\GameServer_EX803\ServerDisplayer.obj
         Release\GameServer_EX803\ServerInfo.obj
         Release\GameServer_EX803\SetItemOption.obj
         Release\GameServer_EX803\SetItemType.obj
         Release\GameServer_EX803\Shop.obj
         Release\GameServer_EX803\ShopManager.obj
         Release\GameServer_EX803\Skill.obj
         Release\GameServer_EX803\SkillDamage.obj
         Release\GameServer_EX803\SkillHitBox.obj
         Release\GameServer_EX803\SkillManager.obj
         Release\GameServer_EX803\SocketItemOption.obj
         Release\GameServer_EX803\SocketItemType.obj
         Release\GameServer_EX803\SocketManager.obj
         Release\GameServer_EX803\SocketManagerUdp.obj
         Release\GameServer_EX803\stdafx.obj
         Release\GameServer_EX803\SummonScroll.obj
         Release\GameServer_EX803\Trade.obj
         Release\GameServer_EX803\Union.obj
         Release\GameServer_EX803\UnionInfo.obj
         Release\GameServer_EX803\User.obj
         Release\GameServer_EX803\Util.obj
         Release\GameServer_EX803\Viewport.obj
         Release\GameServer_EX803\Warehouse.obj
         Generating code
         Finished generating code
         GameServer.vcxproj -> E:\Source\Source MundoMU\Source MundoMU 29112018 (Update 15)\GameServer\Release\GameServer_EX803\GameServer.exe
       Manifest:
         C:\Program Files (x86)\Microsoft SDKs\Windows\v7.0A\bin\mt.exe /nologo /verbose /outputresource:"E:\Source\Source MundoMU\Source MundoMU 29112018 (Update 15)\GameServer\Release\GameServer_EX803\GameServer.exe;#1" /manifest Release\GameServer_EX803\GameServer.exe.intermediate.manifest
       FinalizeBuildStatus:
         Deleting file "Release\GameServer_EX803\GameServer.unsuccessfulbuild".
         Touching "Release\GameServer_EX803\GameServer.lastbuildstate".
     1>Done Building Project "E:\Source\Source MundoMU\Source MundoMU 29112018 (Update 15)\GameServer\GameServer\GameServer.vcxproj" (build target(s)).

Build succeeded.

Time Elapsed 00:00:20.95
