  Attack.cpp
  BloodCastle.cpp
  BonusManager.cpp
  BotBuffer.cpp
  CannonTower.cpp
  CashShop.cpp
  CastleDeep.cpp
  CastleSiege.cpp
  CastleSiegeSync.cpp
  ChaosBox.cpp
  ChaosCastle.cpp
  ComboSkill.cpp
  CommandManager.cpp
  Crywolf.cpp
  CrywolfUtil.cpp
  CustomArena.cpp
  CustomAttack.cpp
  CustomBuyVip.cpp
  CustomEventDrop.cpp
  CustomEventTime.cpp
  Compiling...
  CustomExchangeCoin.cpp
  CustomMonster.cpp
  CustomNpcCollector.cpp
  CustomNpcQuest.cpp
  CustomOnlineLottery.cpp
  CustomQuest.cpp
  CustomQuiz.cpp
D:\Source\Outras\Source main 5.2 + pdb\Main5.2New\Source MuServer Update 15\GameServer\GameServer\CustomQuiz.cpp(434,13): warning C4996: '_strlwr': This function or variable may be unsafe. Consider using _strlwr_s instead. To disable deprecation, use _CRT_SECURE_NO_WARNINGS. See online help for details.
  CustomRankUser.cpp
  CustomRanking.cpp
  CustomStartItem.cpp
  CustomStore.cpp
  DSProtocol.cpp
D:\Source\Source MundoMU\Source MundoMU 29112018 (Update 15)\GameServerVS2019\GameServer\Time\include\olcPGEX_Network.h(993,10): warning C4834: discarding return value of function with 'nodiscard' attribute
D:\Source\Source MundoMU\Source MundoMU 29112018 (Update 15)\GameServerVS2019\GameServer\Time\include\olcPGEX_Network.h(992): message : while compiling class template member function 'void olc::net::server_interface<ProtocolHead>::OnClientDisconnect(std::shared_ptr<olc::net::connection<T>>)'
          with
          [
              T=ProtocolHead
          ]
D:\Source\Outras\Source main 5.2 + pdb\Main5.2New\Source MuServer Update 15\GameServer\GameServer\SocketConnection.h(7): message : see reference to class template instantiation 'olc::net::server_interface<ProtocolHead>' being compiled
  DarkSpirit.cpp
  DevilSquare.cpp
  DoubleGoer.cpp
  Duel.cpp
  EffectManager.cpp
  EventGvG.cpp
  EventHideAndSeek.cpp
  EventInventory.cpp
  Compiling...
  EventKillAll.cpp
  EventPvP.cpp
  EventQuickly.cpp
  EventRunAndCatch.cpp
  EventRussianRoulette.cpp
  EventTvT.cpp
  GameMain.cpp
  GensSystem.cpp
  IllusionTemple.cpp
  ImperialGuardian.cpp
  Item.cpp
D:\Source\Outras\Source main 5.2 + pdb\Main5.2New\Source MuServer Update 15\GameServer\GameServer\Item.cpp(1014,43): warning C4334: '<<': result of 32-bit shift implicitly converted to 64 bits (was 64-bit shift intended?)
  ItemBag.cpp
  ItemBagEx.cpp
  ItemDrop.cpp
  ItemManager.cpp
  ItemValueTrade.cpp
  JSProtocol.cpp
D:\Source\Outras\Source main 5.2 + pdb\Main5.2New\Source MuServer Update 15\GameServer\GameServer\JSProtocol.cpp(133,47): warning C4244: 'argument': conversion from 'long' to 'WORD', possible loss of data
  JewelMix.cpp
  LuckyCoin.cpp
  MasterSkillTree.cpp
  Compiling...
  MemoryAllocatorInfo.cpp
  MiningSystem.cpp
  Monster.cpp
  MonsterAI.cpp
  MonsterAIElementInfo.cpp
  MonsterSkillElementInfo.cpp
  MonsterSkillManager.cpp
  MossMerchant.cpp
  Move.cpp
  MuRummy.cpp
  MuunSystem.cpp
  NpcTalk.cpp
  ObjectManager.cpp
  PentagramSystem.cpp
  PersonalShop.cpp
  Protocol.cpp
D:\Source\Outras\Source main 5.2 + pdb\Main5.2New\Source MuServer Update 15\GameServer\GameServer\Protocol.cpp(92,5): warning C4996: 'sprintf': This function or variable may be unsafe. Consider using sprintf_s instead. To disable deprecation, use _CRT_SECURE_NO_WARNINGS. See online help for details.
D:\Source\Source MundoMU\Source MundoMU 29112018 (Update 15)\GameServerVS2019\GameServer\Time\include\olcPGEX_Network.h(993,10): warning C4834: discarding return value of function with 'nodiscard' attribute
D:\Source\Source MundoMU\Source MundoMU 29112018 (Update 15)\GameServerVS2019\GameServer\Time\include\olcPGEX_Network.h(992): message : while compiling class template member function 'void olc::net::server_interface<ProtocolHead>::OnClientDisconnect(std::shared_ptr<olc::net::connection<T>>)'
          with
          [
              T=ProtocolHead
          ]
D:\Source\Outras\Source main 5.2 + pdb\Main5.2New\Source MuServer Update 15\GameServer\GameServer\SocketConnection.h(7): message : see reference to class template instantiation 'olc::net::server_interface<ProtocolHead>' being compiled
  QuestObjective.cpp
  QuestReward.cpp
  QuestWorld.cpp
  QuestWorldObjective.cpp
  Compiling...
  QuestWorldReward.cpp
  RaklionSelupan.cpp
  ReiDoMu.cpp
  ServerInfo.cpp
  SetItemType.cpp
  Skill.cpp
  SkillManager.cpp
  SocketManagerModern.cpp
D:\Source\Source MundoMU\Source MundoMU 29112018 (Update 15)\GameServerVS2019\GameServer\Time\include\olcPGEX_Network.h(993,10): warning C4834: discarding return value of function with 'nodiscard' attribute
D:\Source\Source MundoMU\Source MundoMU 29112018 (Update 15)\GameServerVS2019\GameServer\Time\include\olcPGEX_Network.h(992): message : while compiling class template member function 'void olc::net::server_interface<ProtocolHead>::OnClientDisconnect(std::shared_ptr<olc::net::connection<T>>)'
          with
          [
              T=ProtocolHead
          ]
D:\Source\Outras\Source main 5.2 + pdb\Main5.2New\Source MuServer Update 15\GameServer\GameServer\SocketConnection.h(7): message : see reference to class template instantiation 'olc::net::server_interface<ProtocolHead>' being compiled
  Trade.cpp
  User.cpp
  Warehouse.cpp
  Generating code
  6 of 14805 functions (<0.1%) were compiled, the rest were copied from previous compilation.
    0 functions were new in current compilation
    211 functions had inline decision re-evaluated but remain unchanged
  Finished generating code
  GameServer.vcxproj -> D:\Source\Outras\Source main 5.2 + pdb\Main5.2New\Source MuServer Update 15\GameServer\Release\GameServer_EX502\GameServer.exe
