Build started 04/08/2020 19:26:08.
     1>Project "E:\Source\Source MundoMU\Source MundoMU 29112018 (Update 15)\GameServer\GameServer\GameServer.vcxproj" on node 2 (build target(s)).
     1>InitializeBuildStatus:
         Creating "Release\GameServer_EX401CS\GameServer.unsuccessfulbuild" because "AlwaysCreate" was specified.
       ClCompile:
         All outputs are up-to-date.
         C:\Program Files (x86)\Microsoft Visual Studio 10.0\VC\bin\CL.exe /c /Zi /nologo /W3 /WX- /O2 /Oi /Oy- /GL /D WIN32 /D NDEBUG /D _WINDOWS /D GAMESERVER_TYPE=1 /D GAMESERVER_UPDATE=401 /D GAMESERVER_LANGUAGE=0 /D _MBCS /Gm- /EHsc /MD /GS /Gy /fp:precise /Zc:wchar_t /Zc:forScope /Yu"StdAfx.h" /Fp"Release\GameServer_EX401CS\GameServer.pch" /Fo"Release\GameServer_EX401CS\\" /Fd"Release\GameServer_EX401CS\vc100.pdb" /Gd /TP /analyze- /errorReport:prompt User.cpp
         User.cpp
       ResourceCompile:
         All outputs are up-to-date.
       Link:
         C:\Program Files (x86)\Microsoft Visual Studio 10.0\VC\bin\link.exe /ERRORREPORT:PROMPT /OUT:"E:\Source\Source MundoMU\Source MundoMU 29112018 (Update 15)\GameServer\Release\GameServer_EX401CS\GameServer.exe" /INCREMENTAL:NO /NOLOGO kernel32.lib user32.lib gdi32.lib winspool.lib comdlg32.lib advapi32.lib shell32.lib ole32.lib oleaut32.lib uuid.lib odbc32.lib odbccp32.lib /MANIFEST /ManifestFile:"Release\GameServer_EX401CS\GameServer.exe.intermediate.manifest" /MANIFESTUAC:"level='asInvoker' uiAccess='false'" /DEBUG /PDB:"E:\Source\Source MundoMU\Source MundoMU 29112018 (Update 15)\GameServer\Release\GameServer_EX401CS\GameServer.pdb" /SUBSYSTEM:WINDOWS /OPT:REF /OPT:ICF /LTCG /TLBID:1 /DYNAMICBASE /NXCOMPAT /IMPLIB:"E:\Source\Source MundoMU\Source MundoMU 29112018 (Update 15)\GameServer\Release\GameServer_EX401CS\GameServer.lib" /MACHINE:X86 Release\GameServer_EX401CS\GameServer.res
         Release\GameServer_EX401CS\CCRC32.obj
         Release\GameServer_EX401CS\Math.obj
         Release\GameServer_EX401CS\380ItemOption.obj
         Release\GameServer_EX401CS\380ItemType.obj
         Release\GameServer_EX401CS\ArcaBattle.obj
         Release\GameServer_EX401CS\Attack.obj
         Release\GameServer_EX401CS\BattleGround.obj
         Release\GameServer_EX401CS\BattleSoccer.obj
         Release\GameServer_EX401CS\BattleSoccerManager.obj
         Release\GameServer_EX401CS\BloodCastle.obj
         Release\GameServer_EX401CS\BonusManager.obj
         Release\GameServer_EX401CS\BotBuffer.obj
         Release\GameServer_EX401CS\CannonTower.obj
         Release\GameServer_EX401CS\CashShop.obj
         Release\GameServer_EX401CS\CastleDeep.obj
         Release\GameServer_EX401CS\CastleSiege.obj
         Release\GameServer_EX401CS\CastleSiegeCrown.obj
         Release\GameServer_EX401CS\CastleSiegeCrownSwitch.obj
         Release\GameServer_EX401CS\CastleSiegeSync.obj
         Release\GameServer_EX401CS\CastleSiegeWeapon.obj
         Release\GameServer_EX401CS\ChaosBox.obj
         Release\GameServer_EX401CS\ChaosCastle.obj
         Release\GameServer_EX401CS\ComboSkill.obj
         Release\GameServer_EX401CS\Command.obj
         Release\GameServer_EX401CS\CommandManager.obj
         Release\GameServer_EX401CS\Connection.obj
         Release\GameServer_EX401CS\CriticalSection.obj
         Release\GameServer_EX401CS\Crywolf.obj
         Release\GameServer_EX401CS\CrywolfAltar.obj
         Release\GameServer_EX401CS\CrywolfObjInfo.obj
         Release\GameServer_EX401CS\CrywolfStateTimeInfo.obj
         Release\GameServer_EX401CS\CrywolfStatue.obj
         Release\GameServer_EX401CS\CrywolfSync.obj
         Release\GameServer_EX401CS\CrywolfUtil.obj
         Release\GameServer_EX401CS\CSProtocol.obj
         Release\GameServer_EX401CS\CustomArena.obj
         Release\GameServer_EX401CS\CustomAttack.obj
         Release\GameServer_EX401CS\CustomBuyVip.obj
         Release\GameServer_EX401CS\CustomCombo.obj
         Release\GameServer_EX401CS\CustomCommandDescription.obj
         Release\GameServer_EX401CS\CustomDeathMessage.obj
         Release\GameServer_EX401CS\CustomEventDrop.obj
         Release\GameServer_EX401CS\CustomEventTime.obj
         Release\GameServer_EX401CS\CustomExchangeCoin.obj
         Release\GameServer_EX401CS\CustomJewel.obj
         Release\GameServer_EX401CS\CustomMix.obj
         Release\GameServer_EX401CS\CustomMonster.obj
         Release\GameServer_EX401CS\CustomMove.obj
         Release\GameServer_EX401CS\CustomNpcCollector.obj
         Release\GameServer_EX401CS\CustomNpcCommand.obj
         Release\GameServer_EX401CS\CustomNpcMove.obj
         Release\GameServer_EX401CS\CustomNpcQuest.obj
         Release\GameServer_EX401CS\CustomOnlineLottery.obj
         Release\GameServer_EX401CS\CustomPick.obj
         Release\GameServer_EX401CS\CustomQuest.obj
         Release\GameServer_EX401CS\CustomQuiz.obj
         Release\GameServer_EX401CS\CustomRanking.obj
         Release\GameServer_EX401CS\CustomRankUser.obj
         Release\GameServer_EX401CS\CustomStartItem.obj
         Release\GameServer_EX401CS\CustomStore.obj
         Release\GameServer_EX401CS\CustomTop.obj
         Release\GameServer_EX401CS\CustomWing.obj
         Release\GameServer_EX401CS\CustomWingMix.obj
         Release\GameServer_EX401CS\DarkSpirit.obj
         Release\GameServer_EX401CS\DefaultClassInfo.obj
         Release\GameServer_EX401CS\DevilSquare.obj
         Release\GameServer_EX401CS\DoubleGoer.obj
         Release\GameServer_EX401CS\DSProtocol.obj
         Release\GameServer_EX401CS\Duel.obj
         Release\GameServer_EX401CS\Effect.obj
         Release\GameServer_EX401CS\EffectManager.obj
         Release\GameServer_EX401CS\ESProtocol.obj
         Release\GameServer_EX401CS\EventGvG.obj
         Release\GameServer_EX401CS\EventHideAndSeek.obj
         Release\GameServer_EX401CS\EventInventory.obj
         Release\GameServer_EX401CS\EventKillAll.obj
         Release\GameServer_EX401CS\EventPvP.obj
         Release\GameServer_EX401CS\EventQuickly.obj
         Release\GameServer_EX401CS\EventRunAndCatch.obj
         Release\GameServer_EX401CS\EventRussianRoulette.obj
         Release\GameServer_EX401CS\EventStart.obj
         Release\GameServer_EX401CS\EventTvT.obj
         Release\GameServer_EX401CS\ExperienceTable.obj
         Release\GameServer_EX401CS\Filter.obj
         Release\GameServer_EX401CS\FilterRaname.obj
         Release\GameServer_EX401CS\Fruit.obj
         Release\GameServer_EX401CS\GameMain.obj
         Release\GameServer_EX401CS\GameMaster.obj
         Release\GameServer_EX401CS\GameServer.obj
         Release\GameServer_EX401CS\Gate.obj
         Release\GameServer_EX401CS\GensSystem.obj
         Release\GameServer_EX401CS\GuardianStatue.obj
         Release\GameServer_EX401CS\Guild.obj
         Release\GameServer_EX401CS\GuildClass.obj
         Release\GameServer_EX401CS\GuildMatching.obj
         Release\GameServer_EX401CS\HackCheck.obj
         Release\GameServer_EX401CS\HackPacketCheck.obj
         Release\GameServer_EX401CS\HackSkillCheck.obj
         Release\GameServer_EX401CS\Helper.obj
         Release\GameServer_EX401CS\IllusionTemple.obj
         Release\GameServer_EX401CS\ImperialGuardian.obj
         Release\GameServer_EX401CS\InvasionManager.obj
         Release\GameServer_EX401CS\InventoryEquipment.obj
         Release\GameServer_EX401CS\IpManager.obj
         Release\GameServer_EX401CS\Item.obj
         Release\GameServer_EX401CS\ItemBag.obj
         Release\GameServer_EX401CS\ItemBagEx.obj
         Release\GameServer_EX401CS\ItemBagManager.obj
         Release\GameServer_EX401CS\ItemDrop.obj
         Release\GameServer_EX401CS\ItemManager.obj
         Release\GameServer_EX401CS\ItemMove.obj
         Release\GameServer_EX401CS\ItemOption.obj
         Release\GameServer_EX401CS\ItemOptionRate.obj
         Release\GameServer_EX401CS\ItemStack.obj
         Release\GameServer_EX401CS\ItemValue.obj
         Release\GameServer_EX401CS\ItemValueTrade.obj
         Release\GameServer_EX401CS\JewelMix.obj
         Release\GameServer_EX401CS\JewelOfHarmonyOption.obj
         Release\GameServer_EX401CS\JewelOfHarmonyType.obj
         Release\GameServer_EX401CS\JSProtocol.obj
         Release\GameServer_EX401CS\Kalima.obj
         Release\GameServer_EX401CS\Kanturu.obj
         Release\GameServer_EX401CS\KanturuBattleOfMaya.obj
         Release\GameServer_EX401CS\KanturuBattleOfNightmare.obj
         Release\GameServer_EX401CS\KanturuBattleStanby.obj
         Release\GameServer_EX401CS\KanturuBattleUserMng.obj
         Release\GameServer_EX401CS\KanturuEntranceNPC.obj
         Release\GameServer_EX401CS\KanturuMaya.obj
         Release\GameServer_EX401CS\KanturuMonsterMng.obj
         Release\GameServer_EX401CS\KanturuObjInfo.obj
         Release\GameServer_EX401CS\KanturuStateInfo.obj
         Release\GameServer_EX401CS\KanturuTowerOfRefinement.obj
         Release\GameServer_EX401CS\KanturuUtil.obj
         Release\GameServer_EX401CS\LifeStone.obj
         Release\GameServer_EX401CS\Log.obj
         Release\GameServer_EX401CS\LuckyCoin.obj
         Release\GameServer_EX401CS\LuckyItem.obj
         Release\GameServer_EX401CS\Map.obj
         Release\GameServer_EX401CS\MapItem.obj
         Release\GameServer_EX401CS\MapManager.obj
         Release\GameServer_EX401CS\MapPath.obj
         Release\GameServer_EX401CS\MapServerManager.obj
         Release\GameServer_EX401CS\MasterSkillTree.obj
         Release\GameServer_EX401CS\MemoryAllocator.obj
         Release\GameServer_EX401CS\MemoryAllocatorInfo.obj
         Release\GameServer_EX401CS\MemScript.obj
         Release\GameServer_EX401CS\Mercenary.obj
         Release\GameServer_EX401CS\Message.obj
         Release\GameServer_EX401CS\MiniDump.obj
         Release\GameServer_EX401CS\MiniMap.obj
         Release\GameServer_EX401CS\MiningSystem.obj
         Release\GameServer_EX401CS\Monster.obj
         Release\GameServer_EX401CS\MonsterAI.obj
         Release\GameServer_EX401CS\MonsterAIAgro.obj
         Release\GameServer_EX401CS\MonsterAIAutomata.obj
         Release\GameServer_EX401CS\MonsterAIAutomataInfo.obj
         Release\GameServer_EX401CS\MonsterAIElement.obj
         Release\GameServer_EX401CS\MonsterAIElementInfo.obj
         Release\GameServer_EX401CS\MonsterAIGroup.obj
         Release\GameServer_EX401CS\MonsterAIGroupMember.obj
         Release\GameServer_EX401CS\MonsterAIMovePath.obj
         Release\GameServer_EX401CS\MonsterAIMovePathInfo.obj
         Release\GameServer_EX401CS\MonsterAIRule.obj
         Release\GameServer_EX401CS\MonsterAIRuleInfo.obj
         Release\GameServer_EX401CS\MonsterAIState.obj
         Release\GameServer_EX401CS\MonsterAIUnit.obj
         Release\GameServer_EX401CS\MonsterAIUnitInfo.obj
         Release\GameServer_EX401CS\MonsterAIUtil.obj
         Release\GameServer_EX401CS\MonsterManager.obj
         Release\GameServer_EX401CS\MonsterSetBase.obj
         Release\GameServer_EX401CS\MonsterSkillElement.obj
         Release\GameServer_EX401CS\MonsterSkillElementInfo.obj
         Release\GameServer_EX401CS\MonsterSkillElementOption.obj
         Release\GameServer_EX401CS\MonsterSkillInfo.obj
         Release\GameServer_EX401CS\MonsterSkillManager.obj
         Release\GameServer_EX401CS\MonsterSkillUnit.obj
         Release\GameServer_EX401CS\MonsterSkillUnitInfo.obj
         Release\GameServer_EX401CS\MossMerchant.obj
         Release\GameServer_EX401CS\Move.obj
         Release\GameServer_EX401CS\MoveSummon.obj
         Release\GameServer_EX401CS\MuRummy.obj
         Release\GameServer_EX401CS\MuunSystem.obj
         Release\GameServer_EX401CS\Notice.obj
         Release\GameServer_EX401CS\NpcTalk.obj
         Release\GameServer_EX401CS\ObjectManager.obj
         Release\GameServer_EX401CS\PacketManager.obj
         Release\GameServer_EX401CS\Party.obj
         Release\GameServer_EX401CS\PartyMatching.obj
         Release\GameServer_EX401CS\Path.obj
         Release\GameServer_EX401CS\PcPoint.obj
         Release\GameServer_EX401CS\PentagramSystem.obj
         Release\GameServer_EX401CS\PersonalShop.obj
         Release\GameServer_EX401CS\Protect.obj
         Release\GameServer_EX401CS\Protocol.obj
         Release\GameServer_EX401CS\Quest.obj
         Release\GameServer_EX401CS\QuestObjective.obj
         Release\GameServer_EX401CS\QuestReward.obj
         Release\GameServer_EX401CS\QuestWorld.obj
         Release\GameServer_EX401CS\QuestWorldObjective.obj
         Release\GameServer_EX401CS\QuestWorldReward.obj
         Release\GameServer_EX401CS\Queue.obj
         Release\GameServer_EX401CS\QueueTimer.obj
         Release\GameServer_EX401CS\Raklion.obj
         Release\GameServer_EX401CS\RaklionBattleOfSelupan.obj
         Release\GameServer_EX401CS\RaklionBattleUser.obj
         Release\GameServer_EX401CS\RaklionBattleUserMng.obj
         Release\GameServer_EX401CS\RaklionObjInfo.obj
         Release\GameServer_EX401CS\RaklionSelupan.obj
         Release\GameServer_EX401CS\RaklionUtil.obj
         Release\GameServer_EX401CS\RandomManager.obj
         Release\GameServer_EX401CS\Reconnect.obj
         Release\GameServer_EX401CS\ReiDoMu.obj
         Release\GameServer_EX401CS\ResetTable.obj
         Release\GameServer_EX401CS\ScheduleManager.obj
         Release\GameServer_EX401CS\SerialCheck.obj
         Release\GameServer_EX401CS\ServerDisplayer.obj
         Release\GameServer_EX401CS\ServerInfo.obj
         Release\GameServer_EX401CS\SetItemOption.obj
         Release\GameServer_EX401CS\SetItemType.obj
         Release\GameServer_EX401CS\Shop.obj
         Release\GameServer_EX401CS\ShopManager.obj
         Release\GameServer_EX401CS\Skill.obj
         Release\GameServer_EX401CS\SkillDamage.obj
         Release\GameServer_EX401CS\SkillHitBox.obj
         Release\GameServer_EX401CS\SkillManager.obj
         Release\GameServer_EX401CS\SocketItemOption.obj
         Release\GameServer_EX401CS\SocketItemType.obj
         Release\GameServer_EX401CS\SocketManager.obj
         Release\GameServer_EX401CS\SocketManagerUdp.obj
         Release\GameServer_EX401CS\stdafx.obj
         Release\GameServer_EX401CS\SummonScroll.obj
         Release\GameServer_EX401CS\Trade.obj
         Release\GameServer_EX401CS\Union.obj
         Release\GameServer_EX401CS\UnionInfo.obj
         Release\GameServer_EX401CS\User.obj
         Release\GameServer_EX401CS\Util.obj
         Release\GameServer_EX401CS\Viewport.obj
         Release\GameServer_EX401CS\Warehouse.obj
         Generating code
         Finished generating code
         GameServer.vcxproj -> E:\Source\Source MundoMU\Source MundoMU 29112018 (Update 15)\GameServer\Release\GameServer_EX401CS\GameServer.exe
       Manifest:
         C:\Program Files (x86)\Microsoft SDKs\Windows\v7.0A\bin\mt.exe /nologo /verbose /outputresource:"E:\Source\Source MundoMU\Source MundoMU 29112018 (Update 15)\GameServer\Release\GameServer_EX401CS\GameServer.exe;#1" /manifest Release\GameServer_EX401CS\GameServer.exe.intermediate.manifest
       FinalizeBuildStatus:
         Deleting file "Release\GameServer_EX401CS\GameServer.unsuccessfulbuild".
         Touching "Release\GameServer_EX401CS\GameServer.lastbuildstate".
     1>Done Building Project "E:\Source\Source MundoMU\Source MundoMU 29112018 (Update 15)\GameServer\GameServer\GameServer.vcxproj" (build target(s)).

Build succeeded.

Time Elapsed 00:00:15.09
