d:\source\source mundomu\source mundomu 29112018 (update 15)\gameservervs2019\gameserver\release\gameserver_ex401\gameserver.pch
d:\source\source mundomu\source mundomu 29112018 (update 15)\gameservervs2019\gameserver\release\gameserver_ex401\vc142.pdb
d:\source\source mundomu\source mundomu 29112018 (update 15)\gameservervs2019\gameserver\release\gameserver_ex401\stdafx.obj
d:\source\source mundomu\source mundomu 29112018 (update 15)\gameservervs2019\gameserver\release\gameserver_ex401\castlesiegeweapon.obj
d:\source\source mundomu\source mundomu 29112018 (update 15)\gameservervs2019\gameserver\release\gameserver_ex401\castlesiegesync.obj
d:\source\source mundomu\source mundomu 29112018 (update 15)\gameservervs2019\gameserver\release\gameserver_ex401\castlesiegecrownswitch.obj
d:\source\source mundomu\source mundomu 29112018 (update 15)\gameservervs2019\gameserver\release\gameserver_ex401\castlesiegecrown.obj
d:\source\source mundomu\source mundomu 29112018 (update 15)\gameservervs2019\gameserver\release\gameserver_ex401\castlesiege.obj
d:\source\source mundomu\source mundomu 29112018 (update 15)\gameservervs2019\gameserver\release\gameserver_ex401\castledeep.obj
d:\source\source mundomu\source mundomu 29112018 (update 15)\gameservervs2019\gameserver\release\gameserver_ex401\cashshop.obj
d:\source\source mundomu\source mundomu 29112018 (update 15)\gameservervs2019\gameserver\release\gameserver_ex401\cannontower.obj
d:\source\source mundomu\source mundomu 29112018 (update 15)\gameservervs2019\gameserver\release\gameserver_ex401\botbuffer.obj
d:\source\source mundomu\source mundomu 29112018 (update 15)\gameservervs2019\gameserver\release\gameserver_ex401\bonusmanager.obj
d:\source\source mundomu\source mundomu 29112018 (update 15)\gameservervs2019\gameserver\release\gameserver_ex401\bloodcastle.obj
d:\source\source mundomu\source mundomu 29112018 (update 15)\gameservervs2019\gameserver\release\gameserver_ex401\battlesoccermanager.obj
d:\source\source mundomu\source mundomu 29112018 (update 15)\gameservervs2019\gameserver\release\gameserver_ex401\battlesoccer.obj
d:\source\source mundomu\source mundomu 29112018 (update 15)\gameservervs2019\gameserver\release\gameserver_ex401\battleground.obj
d:\source\source mundomu\source mundomu 29112018 (update 15)\gameservervs2019\gameserver\release\gameserver_ex401\attack.obj
d:\source\source mundomu\source mundomu 29112018 (update 15)\gameservervs2019\gameserver\release\gameserver_ex401\arcabattle.obj
d:\source\source mundomu\source mundomu 29112018 (update 15)\gameservervs2019\gameserver\release\gameserver_ex401\380itemtype.obj
d:\source\source mundomu\source mundomu 29112018 (update 15)\gameservervs2019\gameserver\release\gameserver_ex401\380itemoption.obj
d:\source\source mundomu\source mundomu 29112018 (update 15)\gameservervs2019\gameserver\release\gameserver_ex401\math.obj
d:\source\source mundomu\source mundomu 29112018 (update 15)\gameservervs2019\gameserver\release\gameserver_ex401\ccrc32.obj
d:\source\source mundomu\source mundomu 29112018 (update 15)\gameservervs2019\gameserver\release\gameserver_ex401\customcombo.obj
d:\source\source mundomu\source mundomu 29112018 (update 15)\gameservervs2019\gameserver\release\gameserver_ex401\custombuyvip.obj
d:\source\source mundomu\source mundomu 29112018 (update 15)\gameservervs2019\gameserver\release\gameserver_ex401\customattack.obj
d:\source\source mundomu\source mundomu 29112018 (update 15)\gameservervs2019\gameserver\release\gameserver_ex401\customarena.obj
d:\source\source mundomu\source mundomu 29112018 (update 15)\gameservervs2019\gameserver\release\gameserver_ex401\csprotocol.obj
d:\source\source mundomu\source mundomu 29112018 (update 15)\gameservervs2019\gameserver\release\gameserver_ex401\crywolfutil.obj
d:\source\source mundomu\source mundomu 29112018 (update 15)\gameservervs2019\gameserver\release\gameserver_ex401\crywolfsync.obj
d:\source\source mundomu\source mundomu 29112018 (update 15)\gameservervs2019\gameserver\release\gameserver_ex401\crywolfstatue.obj
d:\source\source mundomu\source mundomu 29112018 (update 15)\gameservervs2019\gameserver\release\gameserver_ex401\crywolfstatetimeinfo.obj
d:\source\source mundomu\source mundomu 29112018 (update 15)\gameservervs2019\gameserver\release\gameserver_ex401\crywolfobjinfo.obj
d:\source\source mundomu\source mundomu 29112018 (update 15)\gameservervs2019\gameserver\release\gameserver_ex401\crywolfaltar.obj
d:\source\source mundomu\source mundomu 29112018 (update 15)\gameservervs2019\gameserver\release\gameserver_ex401\crywolf.obj
d:\source\source mundomu\source mundomu 29112018 (update 15)\gameservervs2019\gameserver\release\gameserver_ex401\criticalsection.obj
d:\source\source mundomu\source mundomu 29112018 (update 15)\gameservervs2019\gameserver\release\gameserver_ex401\consoledebug.obj
d:\source\source mundomu\source mundomu 29112018 (update 15)\gameservervs2019\gameserver\release\gameserver_ex401\connection.obj
d:\source\source mundomu\source mundomu 29112018 (update 15)\gameservervs2019\gameserver\release\gameserver_ex401\commandmanager.obj
d:\source\source mundomu\source mundomu 29112018 (update 15)\gameservervs2019\gameserver\release\gameserver_ex401\command.obj
d:\source\source mundomu\source mundomu 29112018 (update 15)\gameservervs2019\gameserver\release\gameserver_ex401\comboskill.obj
d:\source\source mundomu\source mundomu 29112018 (update 15)\gameservervs2019\gameserver\release\gameserver_ex401\chaoscastle.obj
d:\source\source mundomu\source mundomu 29112018 (update 15)\gameservervs2019\gameserver\release\gameserver_ex401\chaosbox.obj
d:\source\source mundomu\source mundomu 29112018 (update 15)\gameservervs2019\gameserver\release\gameserver_ex401\customstartitem.obj
d:\source\source mundomu\source mundomu 29112018 (update 15)\gameservervs2019\gameserver\release\gameserver_ex401\customrankuser.obj
d:\source\source mundomu\source mundomu 29112018 (update 15)\gameservervs2019\gameserver\release\gameserver_ex401\customranking.obj
d:\source\source mundomu\source mundomu 29112018 (update 15)\gameservervs2019\gameserver\release\gameserver_ex401\customquiz.obj
d:\source\source mundomu\source mundomu 29112018 (update 15)\gameservervs2019\gameserver\release\gameserver_ex401\customquest.obj
d:\source\source mundomu\source mundomu 29112018 (update 15)\gameservervs2019\gameserver\release\gameserver_ex401\custompick.obj
d:\source\source mundomu\source mundomu 29112018 (update 15)\gameservervs2019\gameserver\release\gameserver_ex401\customonlinelottery.obj
d:\source\source mundomu\source mundomu 29112018 (update 15)\gameservervs2019\gameserver\release\gameserver_ex401\customnpcquest.obj
d:\source\source mundomu\source mundomu 29112018 (update 15)\gameservervs2019\gameserver\release\gameserver_ex401\customnpcmove.obj
d:\source\source mundomu\source mundomu 29112018 (update 15)\gameservervs2019\gameserver\release\gameserver_ex401\customnpccommand.obj
d:\source\source mundomu\source mundomu 29112018 (update 15)\gameservervs2019\gameserver\release\gameserver_ex401\customnpccollector.obj
d:\source\source mundomu\source mundomu 29112018 (update 15)\gameservervs2019\gameserver\release\gameserver_ex401\custommove.obj
d:\source\source mundomu\source mundomu 29112018 (update 15)\gameservervs2019\gameserver\release\gameserver_ex401\custommonster.obj
d:\source\source mundomu\source mundomu 29112018 (update 15)\gameservervs2019\gameserver\release\gameserver_ex401\custommix.obj
d:\source\source mundomu\source mundomu 29112018 (update 15)\gameservervs2019\gameserver\release\gameserver_ex401\customjewel.obj
d:\source\source mundomu\source mundomu 29112018 (update 15)\gameservervs2019\gameserver\release\gameserver_ex401\customexchangecoin.obj
d:\source\source mundomu\source mundomu 29112018 (update 15)\gameservervs2019\gameserver\release\gameserver_ex401\customeventtime.obj
d:\source\source mundomu\source mundomu 29112018 (update 15)\gameservervs2019\gameserver\release\gameserver_ex401\customeventdrop.obj
d:\source\source mundomu\source mundomu 29112018 (update 15)\gameservervs2019\gameserver\release\gameserver_ex401\customdeathmessage.obj
d:\source\source mundomu\source mundomu 29112018 (update 15)\gameservervs2019\gameserver\release\gameserver_ex401\customcommanddescription.obj
d:\source\source mundomu\source mundomu 29112018 (update 15)\gameservervs2019\gameserver\release\gameserver_ex401\eventrunandcatch.obj
d:\source\source mundomu\source mundomu 29112018 (update 15)\gameservervs2019\gameserver\release\gameserver_ex401\eventquickly.obj
d:\source\source mundomu\source mundomu 29112018 (update 15)\gameservervs2019\gameserver\release\gameserver_ex401\eventpvp.obj
d:\source\source mundomu\source mundomu 29112018 (update 15)\gameservervs2019\gameserver\release\gameserver_ex401\eventkillall.obj
d:\source\source mundomu\source mundomu 29112018 (update 15)\gameservervs2019\gameserver\release\gameserver_ex401\eventinventory.obj
d:\source\source mundomu\source mundomu 29112018 (update 15)\gameservervs2019\gameserver\release\gameserver_ex401\eventhideandseek.obj
d:\source\source mundomu\source mundomu 29112018 (update 15)\gameservervs2019\gameserver\release\gameserver_ex401\eventgvg.obj
d:\source\source mundomu\source mundomu 29112018 (update 15)\gameservervs2019\gameserver\release\gameserver_ex401\esprotocol.obj
d:\source\source mundomu\source mundomu 29112018 (update 15)\gameservervs2019\gameserver\release\gameserver_ex401\effectmanager.obj
d:\source\source mundomu\source mundomu 29112018 (update 15)\gameservervs2019\gameserver\release\gameserver_ex401\effect.obj
d:\source\source mundomu\source mundomu 29112018 (update 15)\gameservervs2019\gameserver\release\gameserver_ex401\duel.obj
d:\source\source mundomu\source mundomu 29112018 (update 15)\gameservervs2019\gameserver\release\gameserver_ex401\dsprotocol.obj
d:\source\source mundomu\source mundomu 29112018 (update 15)\gameservervs2019\gameserver\release\gameserver_ex401\doublegoer.obj
d:\source\source mundomu\source mundomu 29112018 (update 15)\gameservervs2019\gameserver\release\gameserver_ex401\devilsquare.obj
d:\source\source mundomu\source mundomu 29112018 (update 15)\gameservervs2019\gameserver\release\gameserver_ex401\defaultclassinfo.obj
d:\source\source mundomu\source mundomu 29112018 (update 15)\gameservervs2019\gameserver\release\gameserver_ex401\darkspirit.obj
d:\source\source mundomu\source mundomu 29112018 (update 15)\gameservervs2019\gameserver\release\gameserver_ex401\customwingmix.obj
d:\source\source mundomu\source mundomu 29112018 (update 15)\gameservervs2019\gameserver\release\gameserver_ex401\customwing.obj
d:\source\source mundomu\source mundomu 29112018 (update 15)\gameservervs2019\gameserver\release\gameserver_ex401\customtop.obj
d:\source\source mundomu\source mundomu 29112018 (update 15)\gameservervs2019\gameserver\release\gameserver_ex401\customstore.obj
d:\source\source mundomu\source mundomu 29112018 (update 15)\gameservervs2019\gameserver\release\gameserver_ex401\helper.obj
d:\source\source mundomu\source mundomu 29112018 (update 15)\gameservervs2019\gameserver\release\gameserver_ex401\hackskillcheck.obj
d:\source\source mundomu\source mundomu 29112018 (update 15)\gameservervs2019\gameserver\release\gameserver_ex401\hackpacketcheck.obj
d:\source\source mundomu\source mundomu 29112018 (update 15)\gameservervs2019\gameserver\release\gameserver_ex401\hackcheck.obj
d:\source\source mundomu\source mundomu 29112018 (update 15)\gameservervs2019\gameserver\release\gameserver_ex401\guildmatching.obj
d:\source\source mundomu\source mundomu 29112018 (update 15)\gameservervs2019\gameserver\release\gameserver_ex401\guildclass.obj
d:\source\source mundomu\source mundomu 29112018 (update 15)\gameservervs2019\gameserver\release\gameserver_ex401\guild.obj
d:\source\source mundomu\source mundomu 29112018 (update 15)\gameservervs2019\gameserver\release\gameserver_ex401\guardianstatue.obj
d:\source\source mundomu\source mundomu 29112018 (update 15)\gameservervs2019\gameserver\release\gameserver_ex401\genssystem.obj
d:\source\source mundomu\source mundomu 29112018 (update 15)\gameservervs2019\gameserver\release\gameserver_ex401\gate.obj
d:\source\source mundomu\source mundomu 29112018 (update 15)\gameservervs2019\gameserver\release\gameserver_ex401\gameserver.obj
d:\source\source mundomu\source mundomu 29112018 (update 15)\gameservervs2019\gameserver\release\gameserver_ex401\gamemaster.obj
d:\source\source mundomu\source mundomu 29112018 (update 15)\gameservervs2019\gameserver\release\gameserver_ex401\gamemain.obj
d:\source\source mundomu\source mundomu 29112018 (update 15)\gameservervs2019\gameserver\release\gameserver_ex401\fruit.obj
d:\source\source mundomu\source mundomu 29112018 (update 15)\gameservervs2019\gameserver\release\gameserver_ex401\filterraname.obj
d:\source\source mundomu\source mundomu 29112018 (update 15)\gameservervs2019\gameserver\release\gameserver_ex401\filter.obj
d:\source\source mundomu\source mundomu 29112018 (update 15)\gameservervs2019\gameserver\release\gameserver_ex401\experiencetable.obj
d:\source\source mundomu\source mundomu 29112018 (update 15)\gameservervs2019\gameserver\release\gameserver_ex401\eventtvt.obj
d:\source\source mundomu\source mundomu 29112018 (update 15)\gameservervs2019\gameserver\release\gameserver_ex401\eventstart.obj
d:\source\source mundomu\source mundomu 29112018 (update 15)\gameservervs2019\gameserver\release\gameserver_ex401\eventrussianroulette.obj
d:\source\source mundomu\source mundomu 29112018 (update 15)\gameservervs2019\gameserver\release\gameserver_ex401\jewelofharmonyoption.obj
d:\source\source mundomu\source mundomu 29112018 (update 15)\gameservervs2019\gameserver\release\gameserver_ex401\jewelmix.obj
d:\source\source mundomu\source mundomu 29112018 (update 15)\gameservervs2019\gameserver\release\gameserver_ex401\itemvaluetrade.obj
d:\source\source mundomu\source mundomu 29112018 (update 15)\gameservervs2019\gameserver\release\gameserver_ex401\itemvalue.obj
d:\source\source mundomu\source mundomu 29112018 (update 15)\gameservervs2019\gameserver\release\gameserver_ex401\itemstack.obj
d:\source\source mundomu\source mundomu 29112018 (update 15)\gameservervs2019\gameserver\release\gameserver_ex401\itemoptionrate.obj
d:\source\source mundomu\source mundomu 29112018 (update 15)\gameservervs2019\gameserver\release\gameserver_ex401\itemoption.obj
d:\source\source mundomu\source mundomu 29112018 (update 15)\gameservervs2019\gameserver\release\gameserver_ex401\itemmove.obj
d:\source\source mundomu\source mundomu 29112018 (update 15)\gameservervs2019\gameserver\release\gameserver_ex401\itemmanager.obj
d:\source\source mundomu\source mundomu 29112018 (update 15)\gameservervs2019\gameserver\release\gameserver_ex401\itemexcellentoptionrate.obj
d:\source\source mundomu\source mundomu 29112018 (update 15)\gameservervs2019\gameserver\release\gameserver_ex401\itemdrop.obj
d:\source\source mundomu\source mundomu 29112018 (update 15)\gameservervs2019\gameserver\release\gameserver_ex401\itembagmanager.obj
d:\source\source mundomu\source mundomu 29112018 (update 15)\gameservervs2019\gameserver\release\gameserver_ex401\itembagex.obj
d:\source\source mundomu\source mundomu 29112018 (update 15)\gameservervs2019\gameserver\release\gameserver_ex401\itembag.obj
d:\source\source mundomu\source mundomu 29112018 (update 15)\gameservervs2019\gameserver\release\gameserver_ex401\item.obj
d:\source\source mundomu\source mundomu 29112018 (update 15)\gameservervs2019\gameserver\release\gameserver_ex401\ipmanager.obj
d:\source\source mundomu\source mundomu 29112018 (update 15)\gameservervs2019\gameserver\release\gameserver_ex401\inventoryequipment.obj
d:\source\source mundomu\source mundomu 29112018 (update 15)\gameservervs2019\gameserver\release\gameserver_ex401\invasionmanager.obj
d:\source\source mundomu\source mundomu 29112018 (update 15)\gameservervs2019\gameserver\release\gameserver_ex401\imperialguardian.obj
d:\source\source mundomu\source mundomu 29112018 (update 15)\gameservervs2019\gameserver\release\gameserver_ex401\illusiontemple.obj
d:\source\source mundomu\source mundomu 29112018 (update 15)\gameservervs2019\gameserver\release\gameserver_ex401\map.obj
d:\source\source mundomu\source mundomu 29112018 (update 15)\gameservervs2019\gameserver\release\gameserver_ex401\luckyitem.obj
d:\source\source mundomu\source mundomu 29112018 (update 15)\gameservervs2019\gameserver\release\gameserver_ex401\luckycoin.obj
d:\source\source mundomu\source mundomu 29112018 (update 15)\gameservervs2019\gameserver\release\gameserver_ex401\log.obj
d:\source\source mundomu\source mundomu 29112018 (update 15)\gameservervs2019\gameserver\release\gameserver_ex401\lifestone.obj
d:\source\source mundomu\source mundomu 29112018 (update 15)\gameservervs2019\gameserver\release\gameserver_ex401\kanturuutil.obj
d:\source\source mundomu\source mundomu 29112018 (update 15)\gameservervs2019\gameserver\release\gameserver_ex401\kanturutowerofrefinement.obj
d:\source\source mundomu\source mundomu 29112018 (update 15)\gameservervs2019\gameserver\release\gameserver_ex401\kanturustateinfo.obj
d:\source\source mundomu\source mundomu 29112018 (update 15)\gameservervs2019\gameserver\release\gameserver_ex401\kanturuobjinfo.obj
d:\source\source mundomu\source mundomu 29112018 (update 15)\gameservervs2019\gameserver\release\gameserver_ex401\kanturumonstermng.obj
d:\source\source mundomu\source mundomu 29112018 (update 15)\gameservervs2019\gameserver\release\gameserver_ex401\kanturumaya.obj
d:\source\source mundomu\source mundomu 29112018 (update 15)\gameservervs2019\gameserver\release\gameserver_ex401\kanturuentrancenpc.obj
d:\source\source mundomu\source mundomu 29112018 (update 15)\gameservervs2019\gameserver\release\gameserver_ex401\kanturubattleusermng.obj
d:\source\source mundomu\source mundomu 29112018 (update 15)\gameservervs2019\gameserver\release\gameserver_ex401\kanturubattlestanby.obj
d:\source\source mundomu\source mundomu 29112018 (update 15)\gameservervs2019\gameserver\release\gameserver_ex401\kanturubattleofnightmare.obj
d:\source\source mundomu\source mundomu 29112018 (update 15)\gameservervs2019\gameserver\release\gameserver_ex401\kanturubattleofmaya.obj
d:\source\source mundomu\source mundomu 29112018 (update 15)\gameservervs2019\gameserver\release\gameserver_ex401\kanturu.obj
d:\source\source mundomu\source mundomu 29112018 (update 15)\gameservervs2019\gameserver\release\gameserver_ex401\kalima.obj
d:\source\source mundomu\source mundomu 29112018 (update 15)\gameservervs2019\gameserver\release\gameserver_ex401\jsprotocol.obj
d:\source\source mundomu\source mundomu 29112018 (update 15)\gameservervs2019\gameserver\release\gameserver_ex401\jewelofharmonytype.obj
d:\source\source mundomu\source mundomu 29112018 (update 15)\gameservervs2019\gameserver\release\gameserver_ex401\monsteraielementinfo.obj
d:\source\source mundomu\source mundomu 29112018 (update 15)\gameservervs2019\gameserver\release\gameserver_ex401\monsteraielement.obj
d:\source\source mundomu\source mundomu 29112018 (update 15)\gameservervs2019\gameserver\release\gameserver_ex401\monsteraiautomatainfo.obj
d:\source\source mundomu\source mundomu 29112018 (update 15)\gameservervs2019\gameserver\release\gameserver_ex401\monsteraiautomata.obj
d:\source\source mundomu\source mundomu 29112018 (update 15)\gameservervs2019\gameserver\release\gameserver_ex401\monsteraiagro.obj
d:\source\source mundomu\source mundomu 29112018 (update 15)\gameservervs2019\gameserver\release\gameserver_ex401\monsterai.obj
d:\source\source mundomu\source mundomu 29112018 (update 15)\gameservervs2019\gameserver\release\gameserver_ex401\monster.obj
d:\source\source mundomu\source mundomu 29112018 (update 15)\gameservervs2019\gameserver\release\gameserver_ex401\miningsystem.obj
d:\source\source mundomu\source mundomu 29112018 (update 15)\gameservervs2019\gameserver\release\gameserver_ex401\minimap.obj
d:\source\source mundomu\source mundomu 29112018 (update 15)\gameservervs2019\gameserver\release\gameserver_ex401\minidump.obj
d:\source\source mundomu\source mundomu 29112018 (update 15)\gameservervs2019\gameserver\release\gameserver_ex401\message.obj
d:\source\source mundomu\source mundomu 29112018 (update 15)\gameservervs2019\gameserver\release\gameserver_ex401\mercenary.obj
d:\source\source mundomu\source mundomu 29112018 (update 15)\gameservervs2019\gameserver\release\gameserver_ex401\memscript.obj
d:\source\source mundomu\source mundomu 29112018 (update 15)\gameservervs2019\gameserver\release\gameserver_ex401\memoryallocatorinfo.obj
d:\source\source mundomu\source mundomu 29112018 (update 15)\gameservervs2019\gameserver\release\gameserver_ex401\memoryallocator.obj
d:\source\source mundomu\source mundomu 29112018 (update 15)\gameservervs2019\gameserver\release\gameserver_ex401\masterskilltree.obj
d:\source\source mundomu\source mundomu 29112018 (update 15)\gameservervs2019\gameserver\release\gameserver_ex401\mapservermanager.obj
d:\source\source mundomu\source mundomu 29112018 (update 15)\gameservervs2019\gameserver\release\gameserver_ex401\mappath.obj
d:\source\source mundomu\source mundomu 29112018 (update 15)\gameservervs2019\gameserver\release\gameserver_ex401\mapmanager.obj
d:\source\source mundomu\source mundomu 29112018 (update 15)\gameservervs2019\gameserver\release\gameserver_ex401\mapitem.obj
d:\source\source mundomu\source mundomu 29112018 (update 15)\gameservervs2019\gameserver\release\gameserver_ex401\mossmerchant.obj
d:\source\source mundomu\source mundomu 29112018 (update 15)\gameservervs2019\gameserver\release\gameserver_ex401\monsterskillunitinfo.obj
d:\source\source mundomu\source mundomu 29112018 (update 15)\gameservervs2019\gameserver\release\gameserver_ex401\monsterskillunit.obj
d:\source\source mundomu\source mundomu 29112018 (update 15)\gameservervs2019\gameserver\release\gameserver_ex401\monsterskillmanager.obj
d:\source\source mundomu\source mundomu 29112018 (update 15)\gameservervs2019\gameserver\release\gameserver_ex401\monsterskillinfo.obj
d:\source\source mundomu\source mundomu 29112018 (update 15)\gameservervs2019\gameserver\release\gameserver_ex401\monsterskillelementoption.obj
d:\source\source mundomu\source mundomu 29112018 (update 15)\gameservervs2019\gameserver\release\gameserver_ex401\monsterskillelementinfo.obj
d:\source\source mundomu\source mundomu 29112018 (update 15)\gameservervs2019\gameserver\release\gameserver_ex401\monsterskillelement.obj
d:\source\source mundomu\source mundomu 29112018 (update 15)\gameservervs2019\gameserver\release\gameserver_ex401\monstersetbase.obj
d:\source\source mundomu\source mundomu 29112018 (update 15)\gameservervs2019\gameserver\release\gameserver_ex401\monstermanager.obj
d:\source\source mundomu\source mundomu 29112018 (update 15)\gameservervs2019\gameserver\release\gameserver_ex401\monsteraiutil.obj
d:\source\source mundomu\source mundomu 29112018 (update 15)\gameservervs2019\gameserver\release\gameserver_ex401\monsteraiunitinfo.obj
d:\source\source mundomu\source mundomu 29112018 (update 15)\gameservervs2019\gameserver\release\gameserver_ex401\monsteraiunit.obj
d:\source\source mundomu\source mundomu 29112018 (update 15)\gameservervs2019\gameserver\release\gameserver_ex401\monsteraistate.obj
d:\source\source mundomu\source mundomu 29112018 (update 15)\gameservervs2019\gameserver\release\gameserver_ex401\monsterairuleinfo.obj
d:\source\source mundomu\source mundomu 29112018 (update 15)\gameservervs2019\gameserver\release\gameserver_ex401\monsterairule.obj
d:\source\source mundomu\source mundomu 29112018 (update 15)\gameservervs2019\gameserver\release\gameserver_ex401\monsteraimovepathinfo.obj
d:\source\source mundomu\source mundomu 29112018 (update 15)\gameservervs2019\gameserver\release\gameserver_ex401\monsteraimovepath.obj
d:\source\source mundomu\source mundomu 29112018 (update 15)\gameservervs2019\gameserver\release\gameserver_ex401\monsteraigroupmember.obj
d:\source\source mundomu\source mundomu 29112018 (update 15)\gameservervs2019\gameserver\release\gameserver_ex401\monsteraigroup.obj
d:\source\source mundomu\source mundomu 29112018 (update 15)\gameservervs2019\gameserver\release\gameserver_ex401\questworld.obj
d:\source\source mundomu\source mundomu 29112018 (update 15)\gameservervs2019\gameserver\release\gameserver_ex401\questreward.obj
d:\source\source mundomu\source mundomu 29112018 (update 15)\gameservervs2019\gameserver\release\gameserver_ex401\questobjective.obj
d:\source\source mundomu\source mundomu 29112018 (update 15)\gameservervs2019\gameserver\release\gameserver_ex401\quest.obj
d:\source\source mundomu\source mundomu 29112018 (update 15)\gameservervs2019\gameserver\release\gameserver_ex401\protocol.obj
d:\source\source mundomu\source mundomu 29112018 (update 15)\gameservervs2019\gameserver\release\gameserver_ex401\protect.obj
d:\source\source mundomu\source mundomu 29112018 (update 15)\gameservervs2019\gameserver\release\gameserver_ex401\personalshop.obj
d:\source\source mundomu\source mundomu 29112018 (update 15)\gameservervs2019\gameserver\release\gameserver_ex401\pentagramsystem.obj
d:\source\source mundomu\source mundomu 29112018 (update 15)\gameservervs2019\gameserver\release\gameserver_ex401\pcpoint.obj
d:\source\source mundomu\source mundomu 29112018 (update 15)\gameservervs2019\gameserver\release\gameserver_ex401\path.obj
d:\source\source mundomu\source mundomu 29112018 (update 15)\gameservervs2019\gameserver\release\gameserver_ex401\partymatching.obj
d:\source\source mundomu\source mundomu 29112018 (update 15)\gameservervs2019\gameserver\release\gameserver_ex401\party.obj
d:\source\source mundomu\source mundomu 29112018 (update 15)\gameservervs2019\gameserver\release\gameserver_ex401\packetmanager.obj
d:\source\source mundomu\source mundomu 29112018 (update 15)\gameservervs2019\gameserver\release\gameserver_ex401\objectmanager.obj
d:\source\source mundomu\source mundomu 29112018 (update 15)\gameservervs2019\gameserver\release\gameserver_ex401\npctalk.obj
d:\source\source mundomu\source mundomu 29112018 (update 15)\gameservervs2019\gameserver\release\gameserver_ex401\notice.obj
d:\source\source mundomu\source mundomu 29112018 (update 15)\gameservervs2019\gameserver\release\gameserver_ex401\muunsystem.obj
d:\source\source mundomu\source mundomu 29112018 (update 15)\gameservervs2019\gameserver\release\gameserver_ex401\murummy.obj
d:\source\source mundomu\source mundomu 29112018 (update 15)\gameservervs2019\gameserver\release\gameserver_ex401\movesummon.obj
d:\source\source mundomu\source mundomu 29112018 (update 15)\gameservervs2019\gameserver\release\gameserver_ex401\move.obj
d:\source\source mundomu\source mundomu 29112018 (update 15)\gameservervs2019\gameserver\release\gameserver_ex401\setitemoption.obj
d:\source\source mundomu\source mundomu 29112018 (update 15)\gameservervs2019\gameserver\release\gameserver_ex401\serverinfo.obj
d:\source\source mundomu\source mundomu 29112018 (update 15)\gameservervs2019\gameserver\release\gameserver_ex401\serverdisplayer.obj
d:\source\source mundomu\source mundomu 29112018 (update 15)\gameservervs2019\gameserver\release\gameserver_ex401\serialcheck.obj
d:\source\source mundomu\source mundomu 29112018 (update 15)\gameservervs2019\gameserver\release\gameserver_ex401\schedulemanager.obj
d:\source\source mundomu\source mundomu 29112018 (update 15)\gameservervs2019\gameserver\release\gameserver_ex401\resettable.obj
d:\source\source mundomu\source mundomu 29112018 (update 15)\gameservervs2019\gameserver\release\gameserver_ex401\reidomu.obj
d:\source\source mundomu\source mundomu 29112018 (update 15)\gameservervs2019\gameserver\release\gameserver_ex401\reconnect.obj
d:\source\source mundomu\source mundomu 29112018 (update 15)\gameservervs2019\gameserver\release\gameserver_ex401\randommanager.obj
d:\source\source mundomu\source mundomu 29112018 (update 15)\gameservervs2019\gameserver\release\gameserver_ex401\raklionutil.obj
d:\source\source mundomu\source mundomu 29112018 (update 15)\gameservervs2019\gameserver\release\gameserver_ex401\raklionselupan.obj
d:\source\source mundomu\source mundomu 29112018 (update 15)\gameservervs2019\gameserver\release\gameserver_ex401\raklionobjinfo.obj
d:\source\source mundomu\source mundomu 29112018 (update 15)\gameservervs2019\gameserver\release\gameserver_ex401\raklionbattleusermng.obj
d:\source\source mundomu\source mundomu 29112018 (update 15)\gameservervs2019\gameserver\release\gameserver_ex401\raklionbattleuser.obj
d:\source\source mundomu\source mundomu 29112018 (update 15)\gameservervs2019\gameserver\release\gameserver_ex401\raklionbattleofselupan.obj
d:\source\source mundomu\source mundomu 29112018 (update 15)\gameservervs2019\gameserver\release\gameserver_ex401\raklion.obj
d:\source\source mundomu\source mundomu 29112018 (update 15)\gameservervs2019\gameserver\release\gameserver_ex401\queuetimer.obj
d:\source\source mundomu\source mundomu 29112018 (update 15)\gameservervs2019\gameserver\release\gameserver_ex401\queue.obj
d:\source\source mundomu\source mundomu 29112018 (update 15)\gameservervs2019\gameserver\release\gameserver_ex401\questworldreward.obj
d:\source\source mundomu\source mundomu 29112018 (update 15)\gameservervs2019\gameserver\release\gameserver_ex401\questworldobjective.obj
d:\source\source mundomu\source mundomu 29112018 (update 15)\gameservervs2019\gameserver\release\gameserver_ex401\viewport.obj
d:\source\source mundomu\source mundomu 29112018 (update 15)\gameservervs2019\gameserver\release\gameserver_ex401\util.obj
d:\source\source mundomu\source mundomu 29112018 (update 15)\gameservervs2019\gameserver\release\gameserver_ex401\user.obj
d:\source\source mundomu\source mundomu 29112018 (update 15)\gameservervs2019\gameserver\release\gameserver_ex401\unioninfo.obj
d:\source\source mundomu\source mundomu 29112018 (update 15)\gameservervs2019\gameserver\release\gameserver_ex401\union.obj
d:\source\source mundomu\source mundomu 29112018 (update 15)\gameservervs2019\gameserver\release\gameserver_ex401\trade.obj
d:\source\source mundomu\source mundomu 29112018 (update 15)\gameservervs2019\gameserver\release\gameserver_ex401\summonscroll.obj
d:\source\source mundomu\source mundomu 29112018 (update 15)\gameservervs2019\gameserver\release\gameserver_ex401\socketmanagerudp.obj
d:\source\source mundomu\source mundomu 29112018 (update 15)\gameservervs2019\gameserver\release\gameserver_ex401\socketmanagermodern.obj
d:\source\source mundomu\source mundomu 29112018 (update 15)\gameservervs2019\gameserver\release\gameserver_ex401\socketmanager.obj
d:\source\source mundomu\source mundomu 29112018 (update 15)\gameservervs2019\gameserver\release\gameserver_ex401\socketitemtype.obj
d:\source\source mundomu\source mundomu 29112018 (update 15)\gameservervs2019\gameserver\release\gameserver_ex401\socketitemoption.obj
d:\source\source mundomu\source mundomu 29112018 (update 15)\gameservervs2019\gameserver\release\gameserver_ex401\socketconnection.obj
d:\source\source mundomu\source mundomu 29112018 (update 15)\gameservervs2019\gameserver\release\gameserver_ex401\skillmanager.obj
d:\source\source mundomu\source mundomu 29112018 (update 15)\gameservervs2019\gameserver\release\gameserver_ex401\skillhitbox.obj
d:\source\source mundomu\source mundomu 29112018 (update 15)\gameservervs2019\gameserver\release\gameserver_ex401\skilldamage.obj
d:\source\source mundomu\source mundomu 29112018 (update 15)\gameservervs2019\gameserver\release\gameserver_ex401\skill.obj
d:\source\source mundomu\source mundomu 29112018 (update 15)\gameservervs2019\gameserver\release\gameserver_ex401\shopmanager.obj
d:\source\source mundomu\source mundomu 29112018 (update 15)\gameservervs2019\gameserver\release\gameserver_ex401\shop.obj
d:\source\source mundomu\source mundomu 29112018 (update 15)\gameservervs2019\gameserver\release\gameserver_ex401\setitemtype.obj
d:\source\source mundomu\source mundomu 29112018 (update 15)\gameservervs2019\gameserver\release\gameserver_ex401\windowsconsole.obj
d:\source\source mundomu\source mundomu 29112018 (update 15)\gameservervs2019\gameserver\release\gameserver_ex401\warehouse.obj
d:\source\source mundomu\source mundomu 29112018 (update 15)\gameservervs2019\release\gameserver_ex401\gameserver.exe
d:\source\source mundomu\source mundomu 29112018 (update 15)\gameservervs2019\gameserver\release\gameserver_ex401\gameserver.ipdb
d:\source\source mundomu\source mundomu 29112018 (update 15)\gameservervs2019\gameserver\release\gameserver_ex401\gameserver.iobj
d:\source\source mundomu\source mundomu 29112018 (update 15)\gameservervs2019\release\gameserver_ex401\gameserver.pdb
d:\source\source mundomu\source mundomu 29112018 (update 15)\gameservervs2019\gameserver\release\gameserver_ex401\gameserver.res
d:\source\source mundomu\source mundomu 29112018 (update 15)\gameservervs2019\gameserver\release\gameserver_ex401\gameserver.tlog\cl.command.1.tlog
d:\source\source mundomu\source mundomu 29112018 (update 15)\gameservervs2019\gameserver\release\gameserver_ex401\gameserver.tlog\cl.read.1.tlog
d:\source\source mundomu\source mundomu 29112018 (update 15)\gameservervs2019\gameserver\release\gameserver_ex401\gameserver.tlog\cl.write.1.tlog
d:\source\source mundomu\source mundomu 29112018 (update 15)\gameservervs2019\gameserver\release\gameserver_ex401\gameserver.tlog\link.command.1.tlog
d:\source\source mundomu\source mundomu 29112018 (update 15)\gameservervs2019\gameserver\release\gameserver_ex401\gameserver.tlog\link.read.1.tlog
d:\source\source mundomu\source mundomu 29112018 (update 15)\gameservervs2019\gameserver\release\gameserver_ex401\gameserver.tlog\link.write.1.tlog
d:\source\source mundomu\source mundomu 29112018 (update 15)\gameservervs2019\gameserver\release\gameserver_ex401\gameserver.tlog\rc.command.1.tlog
d:\source\source mundomu\source mundomu 29112018 (update 15)\gameservervs2019\gameserver\release\gameserver_ex401\gameserver.tlog\rc.read.1.tlog
d:\source\source mundomu\source mundomu 29112018 (update 15)\gameservervs2019\gameserver\release\gameserver_ex401\gameserver.tlog\rc.write.1.tlog
