  stdafx.cpp
D:\Source\Outras\Source main 5.2 + pdb\Main5.2New\Source MuServer Update 15\GameServer\GameServer\stdafx.h(51,1): warning C4005: 'GAMESERVER_LANGUAGE': macro redefinition
D:\Source\Outras\Source main 5.2 + pdb\Main5.2New\Source MuServer Update 15\GameServer\GameServer\stdafx.cpp : message : see previous definition of 'GAMESERVER_LANGUAGE'
  CCRC32.Cpp
  Math.cpp
  380ItemOption.cpp
  380ItemType.cpp
  ArcaBattle.cpp
  Attack.cpp
  BattleGround.cpp
  BattleSoccer.cpp
  BattleSoccerManager.cpp
  BloodCastle.cpp
  BonusManager.cpp
  BotBuffer.cpp
  CannonTower.cpp
  CashShop.cpp
  CastleDeep.cpp
  CastleSiege.cpp
  CastleSiegeCrown.cpp
  CastleSiegeCrownSwitch.cpp
  CastleSiegeSync.cpp
  CastleSiegeWeapon.cpp
  Compiling...
  ChaosBox.cpp
  ChaosCastle.cpp
  ComboSkill.cpp
  Command.cpp
  CommandManager.cpp
  Connection.cpp
D:\Source\Outras\Source main 5.2 + pdb\Main5.2New\Source MuServer Update 15\GameServer\GameServer\Connection.cpp(47,27): warning C4996: 'inet_addr': Use inet_pton() or InetPton() instead or define _WINSOCK_DEPRECATED_NO_WARNINGS to disable deprecated API warnings
D:\Source\Outras\Source main 5.2 + pdb\Main5.2New\Source MuServer Update 15\GameServer\GameServer\Connection.cpp(51,19): warning C4996: 'gethostbyname': Use getaddrinfo() or GetAddrInfoW() instead or define _WINSOCK_DEPRECATED_NO_WARNINGS to disable deprecated API warnings
D:\Source\Outras\Source main 5.2 + pdb\Main5.2New\Source MuServer Update 15\GameServer\GameServer\Connection.cpp(69,5): warning C4996: 'WSAAsyncSelect': Use WSAEventSelect() instead or define _WINSOCK_DEPRECATED_NO_WARNINGS to disable deprecated API warnings
  ConsoleDebug.cpp
D:\Source\Outras\Source main 5.2 + pdb\Main5.2New\Source MuServer Update 15\GameServer\GameServer\ConsoleDebug.cpp(61,3): warning C4996: 'vsprintf': This function or variable may be unsafe. Consider using vsprintf_s instead. To disable deprecation, use _CRT_SECURE_NO_WARNINGS. See online help for details.
  CriticalSection.cpp
  Crywolf.cpp
  CrywolfAltar.cpp
  CrywolfObjInfo.cpp
  CrywolfStateTimeInfo.cpp
  CrywolfStatue.cpp
  CrywolfSync.cpp
  CrywolfUtil.cpp
  CSProtocol.cpp
  CustomArena.cpp
  CustomAttack.cpp
  CustomBuyVip.cpp
  CustomCombo.cpp
  Compiling...
  CustomCommandDescription.cpp
  CustomDeathMessage.cpp
  CustomEventDrop.cpp
  CustomEventTime.cpp
  CustomExchangeCoin.cpp
  CustomJewel.cpp
  CustomMix.cpp
  CustomMonster.cpp
  CustomMove.cpp
  CustomNpcCollector.cpp
  CustomNpcCommand.cpp
  CustomNpcMove.cpp
  CustomNpcQuest.cpp
  CustomOnlineLottery.cpp
  CustomPick.cpp
  CustomQuest.cpp
  CustomQuiz.cpp
D:\Source\Outras\Source main 5.2 + pdb\Main5.2New\Source MuServer Update 15\GameServer\GameServer\CustomQuiz.cpp(434,13): warning C4996: '_strlwr': This function or variable may be unsafe. Consider using _strlwr_s instead. To disable deprecation, use _CRT_SECURE_NO_WARNINGS. See online help for details.
  CustomRanking.cpp
  CustomRankUser.cpp
  CustomStartItem.cpp
  Compiling...
  CustomStore.cpp
  CustomTop.cpp
  CustomWing.cpp
  CustomWingMix.cpp
  DarkSpirit.cpp
  DefaultClassInfo.cpp
  DevilSquare.cpp
  DoubleGoer.cpp
  DSProtocol.cpp
D:\Source\Source MundoMU\Source MundoMU 29112018 (Update 15)\GameServerVS2019\GameServer\Time\include\olcPGEX_Network.h(993,10): warning C4834: discarding return value of function with 'nodiscard' attribute
D:\Source\Source MundoMU\Source MundoMU 29112018 (Update 15)\GameServerVS2019\GameServer\Time\include\olcPGEX_Network.h(992): message : while compiling class template member function 'void olc::net::server_interface<ProtocolHead>::OnClientDisconnect(std::shared_ptr<olc::net::connection<T>>)'
          with
          [
              T=ProtocolHead
          ]
D:\Source\Outras\Source main 5.2 + pdb\Main5.2New\Source MuServer Update 15\GameServer\GameServer\SocketConnection.h(7): message : see reference to class template instantiation 'olc::net::server_interface<ProtocolHead>' being compiled
  Duel.cpp
  Effect.cpp
  EffectManager.cpp
  ESProtocol.cpp
  EventGvG.cpp
  EventHideAndSeek.cpp
  EventInventory.cpp
  EventKillAll.cpp
  EventPvP.cpp
  EventQuickly.cpp
  EventRunAndCatch.cpp
  Compiling...
  EventRussianRoulette.cpp
  EventStart.cpp
  EventTvT.cpp
  ExperienceTable.cpp
  Filter.cpp
  FilterRaname.cpp
  Fruit.cpp
  GameMain.cpp
  GameMaster.cpp
  GameServer.cpp
D:\Source\Outras\Source main 5.2 + pdb\Main5.2New\Source MuServer Update 15\GameServer\GameServer\GameServer.cpp(91,51): warning C4244: 'argument': conversion from 'long' to 'uint16_t', possible loss of data
D:\Source\Source MundoMU\Source MundoMU 29112018 (Update 15)\GameServerVS2019\GameServer\Time\include\olcPGEX_Network.h(993,10): warning C4834: discarding return value of function with 'nodiscard' attribute
D:\Source\Source MundoMU\Source MundoMU 29112018 (Update 15)\GameServerVS2019\GameServer\Time\include\olcPGEX_Network.h(992): message : while compiling class template member function 'void olc::net::server_interface<ProtocolHead>::OnClientDisconnect(std::shared_ptr<olc::net::connection<T>>)'
          with
          [
              T=ProtocolHead
          ]
D:\Source\Outras\Source main 5.2 + pdb\Main5.2New\Source MuServer Update 15\GameServer\GameServer\SocketConnection.h(7): message : see reference to class template instantiation 'olc::net::server_interface<ProtocolHead>' being compiled
  Gate.cpp
  GensSystem.cpp
  GuardianStatue.cpp
  Guild.cpp
  GuildClass.cpp
  GuildMatching.cpp
  HackCheck.cpp
  HackPacketCheck.cpp
  HackSkillCheck.cpp
  Helper.cpp
  Compiling...
  IllusionTemple.cpp
  ImperialGuardian.cpp
  InvasionManager.cpp
  InventoryEquipment.cpp
  IpManager.cpp
  Item.cpp
D:\Source\Outras\Source main 5.2 + pdb\Main5.2New\Source MuServer Update 15\GameServer\GameServer\Item.cpp(1014,43): warning C4334: '<<': result of 32-bit shift implicitly converted to 64 bits (was 64-bit shift intended?)
  ItemBag.cpp
  ItemBagEx.cpp
  ItemBagManager.cpp
  ItemDrop.cpp
  ItemExcellentOptionRate.cpp
  ItemManager.cpp
  ItemMove.cpp
  ItemOption.cpp
  ItemOptionRate.cpp
  ItemStack.cpp
  ItemValue.cpp
  ItemValueTrade.cpp
  JewelMix.cpp
  JewelOfHarmonyOption.cpp
  Compiling...
  JewelOfHarmonyType.cpp
  JSProtocol.cpp
D:\Source\Outras\Source main 5.2 + pdb\Main5.2New\Source MuServer Update 15\GameServer\GameServer\JSProtocol.cpp(133,47): warning C4244: 'argument': conversion from 'long' to 'WORD', possible loss of data
  Kalima.cpp
  Kanturu.cpp
  KanturuBattleOfMaya.cpp
  KanturuBattleOfNightmare.cpp
  KanturuBattleStanby.cpp
  KanturuBattleUserMng.cpp
  KanturuEntranceNPC.cpp
  KanturuMaya.cpp
  KanturuMonsterMng.cpp
  KanturuObjInfo.cpp
  KanturuStateInfo.cpp
  KanturuTowerOfRefinement.cpp
  KanturuUtil.cpp
  LifeStone.cpp
  Log.cpp
  LuckyCoin.cpp
  LuckyItem.cpp
  Map.cpp
  Compiling...
  MapItem.cpp
  MapManager.cpp
  MapPath.cpp
  MapServerManager.cpp
  MasterSkillTree.cpp
  MemoryAllocator.cpp
  MemoryAllocatorInfo.cpp
  MemScript.cpp
  Mercenary.cpp
  Message.cpp
  MiniDump.cpp
  MiniMap.cpp
  MiningSystem.cpp
  Monster.cpp
  MonsterAI.cpp
  MonsterAIAgro.cpp
  MonsterAIAutomata.cpp
  MonsterAIAutomataInfo.cpp
  MonsterAIElement.cpp
  MonsterAIElementInfo.cpp
  Compiling...
  MonsterAIGroup.cpp
  MonsterAIGroupMember.cpp
  MonsterAIMovePath.cpp
  MonsterAIMovePathInfo.cpp
  MonsterAIRule.cpp
  MonsterAIRuleInfo.cpp
  MonsterAIState.cpp
  MonsterAIUnit.cpp
  MonsterAIUnitInfo.cpp
  MonsterAIUtil.cpp
D:\Source\Source MundoMU\Source MundoMU 29112018 (Update 15)\GameServerVS2019\GameServer\Time\include\olcPGEX_Network.h(993,10): warning C4834: discarding return value of function with 'nodiscard' attribute
D:\Source\Source MundoMU\Source MundoMU 29112018 (Update 15)\GameServerVS2019\GameServer\Time\include\olcPGEX_Network.h(992): message : while compiling class template member function 'void olc::net::server_interface<ProtocolHead>::OnClientDisconnect(std::shared_ptr<olc::net::connection<T>>)'
          with
          [
              T=ProtocolHead
          ]
D:\Source\Outras\Source main 5.2 + pdb\Main5.2New\Source MuServer Update 15\GameServer\GameServer\SocketConnection.h(7): message : see reference to class template instantiation 'olc::net::server_interface<ProtocolHead>' being compiled
  MonsterManager.cpp
  MonsterSetBase.cpp
  MonsterSkillElement.cpp
  MonsterSkillElementInfo.cpp
  MonsterSkillElementOption.cpp
  MonsterSkillInfo.cpp
  MonsterSkillManager.cpp
  MonsterSkillUnit.cpp
  MonsterSkillUnitInfo.cpp
  MossMerchant.cpp
  Compiling...
  Move.cpp
  MoveSummon.cpp
  MuRummy.cpp
  MuunSystem.cpp
  Notice.cpp
  NpcTalk.cpp
  ObjectManager.cpp
  PacketManager.cpp
  Party.cpp
  PartyMatching.cpp
  Path.cpp
  PcPoint.cpp
  PentagramSystem.cpp
  PersonalShop.cpp
  Protect.cpp
D:\Source\Outras\Source main 5.2 + pdb\Main5.2New\Source MuServer Update 15\GameServer\GameServer\Protect.cpp(120,27): warning C4996: 'inet_addr': Use inet_pton() or InetPton() instead or define _WINSOCK_DEPRECATED_NO_WARNINGS to disable deprecated API warnings
D:\Source\Outras\Source main 5.2 + pdb\Main5.2New\Source MuServer Update 15\GameServer\GameServer\Protect.cpp(124,19): warning C4996: 'gethostbyname': Use getaddrinfo() or GetAddrInfoW() instead or define _WINSOCK_DEPRECATED_NO_WARNINGS to disable deprecated API warnings
D:\Source\Outras\Source main 5.2 + pdb\Main5.2New\Source MuServer Update 15\GameServer\GameServer\Protect.cpp(439,27): warning C4996: 'inet_addr': Use inet_pton() or InetPton() instead or define _WINSOCK_DEPRECATED_NO_WARNINGS to disable deprecated API warnings
D:\Source\Outras\Source main 5.2 + pdb\Main5.2New\Source MuServer Update 15\GameServer\GameServer\Protect.cpp(443,19): warning C4996: 'gethostbyname': Use getaddrinfo() or GetAddrInfoW() instead or define _WINSOCK_DEPRECATED_NO_WARNINGS to disable deprecated API warnings
  Protocol.cpp
D:\Source\Outras\Source main 5.2 + pdb\Main5.2New\Source MuServer Update 15\GameServer\GameServer\Protocol.cpp(92,5): warning C4996: 'sprintf': This function or variable may be unsafe. Consider using sprintf_s instead. To disable deprecation, use _CRT_SECURE_NO_WARNINGS. See online help for details.
D:\Source\Source MundoMU\Source MundoMU 29112018 (Update 15)\GameServerVS2019\GameServer\Time\include\olcPGEX_Network.h(993,10): warning C4834: discarding return value of function with 'nodiscard' attribute
D:\Source\Source MundoMU\Source MundoMU 29112018 (Update 15)\GameServerVS2019\GameServer\Time\include\olcPGEX_Network.h(992): message : while compiling class template member function 'void olc::net::server_interface<ProtocolHead>::OnClientDisconnect(std::shared_ptr<olc::net::connection<T>>)'
          with
          [
              T=ProtocolHead
          ]
D:\Source\Outras\Source main 5.2 + pdb\Main5.2New\Source MuServer Update 15\GameServer\GameServer\SocketConnection.h(7): message : see reference to class template instantiation 'olc::net::server_interface<ProtocolHead>' being compiled
  Quest.cpp
  QuestObjective.cpp
  QuestReward.cpp
  QuestWorld.cpp
  Compiling...
  QuestWorldObjective.cpp
  QuestWorldReward.cpp
  Queue.cpp
  QueueTimer.cpp
  Raklion.cpp
  RaklionBattleOfSelupan.cpp
  RaklionBattleUser.cpp
  RaklionBattleUserMng.cpp
  RaklionObjInfo.cpp
  RaklionSelupan.cpp
  RaklionUtil.cpp
  RandomManager.cpp
  Reconnect.cpp
  ReiDoMu.cpp
  ResetTable.cpp
  ScheduleManager.cpp
  SerialCheck.cpp
  ServerDisplayer.cpp
  ServerInfo.cpp
  SetItemOption.cpp
  Compiling...
  SetItemType.cpp
  Shop.cpp
  ShopManager.cpp
  Skill.cpp
  SkillDamage.cpp
D:\Source\Outras\Source main 5.2 + pdb\Main5.2New\Source MuServer Update 15\GameServer\GameServer\SkillDamage.cpp(100,19): warning C4101: 'SkillDamageInfo': unreferenced local variable
  SkillHitBox.cpp
  SkillManager.cpp
  SocketConnection.cpp
D:\Source\Source MundoMU\Source MundoMU 29112018 (Update 15)\GameServerVS2019\GameServer\Time\include\olcPGEX_Network.h(993,10): warning C4834: discarding return value of function with 'nodiscard' attribute
D:\Source\Source MundoMU\Source MundoMU 29112018 (Update 15)\GameServerVS2019\GameServer\Time\include\olcPGEX_Network.h(992): message : while compiling class template member function 'void olc::net::server_interface<ProtocolHead>::OnClientDisconnect(std::shared_ptr<olc::net::connection<T>>)'
          with
          [
              T=ProtocolHead
          ]
D:\Source\Outras\Source main 5.2 + pdb\Main5.2New\Source MuServer Update 15\GameServer\GameServer\SocketConnection.h(7): message : see reference to class template instantiation 'olc::net::server_interface<ProtocolHead>' being compiled
  SocketItemOption.cpp
  SocketItemType.cpp
  SocketManager.cpp
  SocketManagerModern.cpp
D:\Source\Source MundoMU\Source MundoMU 29112018 (Update 15)\GameServerVS2019\GameServer\Time\include\olcPGEX_Network.h(993,10): warning C4834: discarding return value of function with 'nodiscard' attribute
D:\Source\Source MundoMU\Source MundoMU 29112018 (Update 15)\GameServerVS2019\GameServer\Time\include\olcPGEX_Network.h(992): message : while compiling class template member function 'void olc::net::server_interface<ProtocolHead>::OnClientDisconnect(std::shared_ptr<olc::net::connection<T>>)'
          with
          [
              T=ProtocolHead
          ]
D:\Source\Outras\Source main 5.2 + pdb\Main5.2New\Source MuServer Update 15\GameServer\GameServer\SocketConnection.h(7): message : see reference to class template instantiation 'olc::net::server_interface<ProtocolHead>' being compiled
  SocketManagerUdp.cpp
D:\Source\Outras\Source main 5.2 + pdb\Main5.2New\Source MuServer Update 15\GameServer\GameServer\SocketManagerUdp.cpp(70,39): warning C4996: 'inet_addr': Use inet_pton() or InetPton() instead or define _WINSOCK_DEPRECATED_NO_WARNINGS to disable deprecated API warnings
D:\Source\Outras\Source main 5.2 + pdb\Main5.2New\Source MuServer Update 15\GameServer\GameServer\SocketManagerUdp.cpp(75,19): warning C4996: 'gethostbyname': Use getaddrinfo() or GetAddrInfoW() instead or define _WINSOCK_DEPRECATED_NO_WARNINGS to disable deprecated API warnings
  SummonScroll.cpp
  Trade.cpp
  Union.cpp
  UnionInfo.cpp
  User.cpp
  Util.cpp
D:\Source\Outras\Source main 5.2 + pdb\Main5.2New\Source MuServer Update 15\GameServer\GameServer\Util.cpp(215,77): warning C4244: 'argument': conversion from 'DWORD' to 'uint16_t', possible loss of data
D:\Source\Source MundoMU\Source MundoMU 29112018 (Update 15)\GameServerVS2019\GameServer\Time\include\olcPGEX_Network.h(993,10): warning C4834: discarding return value of function with 'nodiscard' attribute
D:\Source\Source MundoMU\Source MundoMU 29112018 (Update 15)\GameServerVS2019\GameServer\Time\include\olcPGEX_Network.h(992): message : while compiling class template member function 'void olc::net::server_interface<ProtocolHead>::OnClientDisconnect(std::shared_ptr<olc::net::connection<T>>)'
          with
          [
              T=ProtocolHead
          ]
D:\Source\Outras\Source main 5.2 + pdb\Main5.2New\Source MuServer Update 15\GameServer\GameServer\SocketConnection.h(7): message : see reference to class template instantiation 'olc::net::server_interface<ProtocolHead>' being compiled
  Viewport.cpp
  Compiling...
  Warehouse.cpp
  WindowsConsole.cpp
D:\Source\Outras\Source main 5.2 + pdb\Main5.2New\Source MuServer Update 15\GameServer\GameServer\WindowsConsole.cpp(88,2): warning C4996: 'freopen': This function or variable may be unsafe. Consider using freopen_s instead. To disable deprecation, use _CRT_SECURE_NO_WARNINGS. See online help for details.
D:\Source\Outras\Source main 5.2 + pdb\Main5.2New\Source MuServer Update 15\GameServer\GameServer\WindowsConsole.cpp(89,2): warning C4996: 'freopen': This function or variable may be unsafe. Consider using freopen_s instead. To disable deprecation, use _CRT_SECURE_NO_WARNINGS. See online help for details.
D:\Source\Outras\Source main 5.2 + pdb\Main5.2New\Source MuServer Update 15\GameServer\GameServer\WindowsConsole.cpp(90,2): warning C4996: 'freopen': This function or variable may be unsafe. Consider using freopen_s instead. To disable deprecation, use _CRT_SECURE_NO_WARNINGS. See online help for details.
  Generating code
  14682 of 14783 functions (99.3%) were compiled, the rest were copied from previous compilation.
    490 functions were new in current compilation
    4 functions had inline decision re-evaluated but remain unchanged
  Finished generating code
  GameServer.vcxproj -> D:\Source\Outras\Source main 5.2 + pdb\Main5.2New\Source MuServer Update 15\GameServer\Release\GameServer_EX401\GameServer.exe
