Build started 05/01/2021 04:04:39.
     1>Project "D:\Source\Source MundoMU\Source MundoMU 29112018 (Update 15)\GameServer\GameServer\GameServer.vcxproj" on node 2 (build target(s)).
     1>InitializeBuildStatus:
         Creating "Release\GameServer_EX603CS\GameServer.unsuccessfulbuild" because "AlwaysCreate" was specified.
       ClCompile:
         All outputs are up-to-date.
         C:\Program Files (x86)\Microsoft Visual Studio 10.0\VC\bin\CL.exe /c /Zi /nologo /W3 /WX- /O2 /Oi /Oy- /GL /D WIN32 /D NDEBUG /D _WINDOWS /D GAMESERVER_TYPE=1 /D GAMESERVER_UPDATE=603 /D GAMESERVER_LANGUAGE=1 /D _MBCS /Gm- /EHsc /MD /GS /Gy /fp:precise /Zc:wchar_t /Zc:forScope /Yu"StdAfx.h" /Fp"Release\GameServer_EX603CS\GameServer.pch" /Fo"Release\GameServer_EX603CS\\" /Fd"Release\GameServer_EX603CS\vc100.pdb" /Gd /TP /analyze- /errorReport:prompt ItemExcellentOptionRate.cpp
         ItemExcellentOptionRate.cpp
       ResourceCompile:
         All outputs are up-to-date.
       Link:
         C:\Program Files (x86)\Microsoft Visual Studio 10.0\VC\bin\link.exe /ERRORREPORT:PROMPT /OUT:"D:\Source\Source MundoMU\Source MundoMU 29112018 (Update 15)\GameServer\Release\GameServer_EX603CS\GameServer.exe" /INCREMENTAL:NO /NOLOGO kernel32.lib user32.lib gdi32.lib winspool.lib comdlg32.lib advapi32.lib shell32.lib ole32.lib oleaut32.lib uuid.lib odbc32.lib odbccp32.lib /MANIFEST /ManifestFile:"Release\GameServer_EX603CS\GameServer.exe.intermediate.manifest" /MANIFESTUAC:"level='asInvoker' uiAccess='false'" /DEBUG /PDB:"D:\Source\Source MundoMU\Source MundoMU 29112018 (Update 15)\GameServer\Release\GameServer_EX603CS\GameServer.pdb" /SUBSYSTEM:WINDOWS /OPT:REF /OPT:ICF /LTCG /TLBID:1 /DYNAMICBASE /NXCOMPAT /IMPLIB:"D:\Source\Source MundoMU\Source MundoMU 29112018 (Update 15)\GameServer\Release\GameServer_EX603CS\GameServer.lib" /MACHINE:X86 Release\GameServer_EX603CS\GameServer.res
         Release\GameServer_EX603CS\CCRC32.obj
         Release\GameServer_EX603CS\Math.obj
         Release\GameServer_EX603CS\380ItemOption.obj
         Release\GameServer_EX603CS\380ItemType.obj
         Release\GameServer_EX603CS\ArcaBattle.obj
         Release\GameServer_EX603CS\Attack.obj
         Release\GameServer_EX603CS\BattleGround.obj
         Release\GameServer_EX603CS\BattleSoccer.obj
         Release\GameServer_EX603CS\BattleSoccerManager.obj
         Release\GameServer_EX603CS\BloodCastle.obj
         Release\GameServer_EX603CS\BonusManager.obj
         Release\GameServer_EX603CS\BotBuffer.obj
         Release\GameServer_EX603CS\CannonTower.obj
         Release\GameServer_EX603CS\CashShop.obj
         Release\GameServer_EX603CS\CastleDeep.obj
         Release\GameServer_EX603CS\CastleSiege.obj
         Release\GameServer_EX603CS\CastleSiegeCrown.obj
         Release\GameServer_EX603CS\CastleSiegeCrownSwitch.obj
         Release\GameServer_EX603CS\CastleSiegeSync.obj
         Release\GameServer_EX603CS\CastleSiegeWeapon.obj
         Release\GameServer_EX603CS\ChaosBox.obj
         Release\GameServer_EX603CS\ChaosCastle.obj
         Release\GameServer_EX603CS\ComboSkill.obj
         Release\GameServer_EX603CS\Command.obj
         Release\GameServer_EX603CS\CommandManager.obj
         Release\GameServer_EX603CS\Connection.obj
         Release\GameServer_EX603CS\CriticalSection.obj
         Release\GameServer_EX603CS\Crywolf.obj
         Release\GameServer_EX603CS\CrywolfAltar.obj
         Release\GameServer_EX603CS\CrywolfObjInfo.obj
         Release\GameServer_EX603CS\CrywolfStateTimeInfo.obj
         Release\GameServer_EX603CS\CrywolfStatue.obj
         Release\GameServer_EX603CS\CrywolfSync.obj
         Release\GameServer_EX603CS\CrywolfUtil.obj
         Release\GameServer_EX603CS\CSProtocol.obj
         Release\GameServer_EX603CS\CustomArena.obj
         Release\GameServer_EX603CS\CustomAttack.obj
         Release\GameServer_EX603CS\CustomBuyVip.obj
         Release\GameServer_EX603CS\CustomCombo.obj
         Release\GameServer_EX603CS\CustomCommandDescription.obj
         Release\GameServer_EX603CS\CustomDeathMessage.obj
         Release\GameServer_EX603CS\CustomEventDrop.obj
         Release\GameServer_EX603CS\CustomEventTime.obj
         Release\GameServer_EX603CS\CustomExchangeCoin.obj
         Release\GameServer_EX603CS\CustomJewel.obj
         Release\GameServer_EX603CS\CustomMix.obj
         Release\GameServer_EX603CS\CustomMonster.obj
         Release\GameServer_EX603CS\CustomMove.obj
         Release\GameServer_EX603CS\CustomNpcCollector.obj
         Release\GameServer_EX603CS\CustomNpcCommand.obj
         Release\GameServer_EX603CS\CustomNpcMove.obj
         Release\GameServer_EX603CS\CustomNpcQuest.obj
         Release\GameServer_EX603CS\CustomOnlineLottery.obj
         Release\GameServer_EX603CS\CustomPick.obj
         Release\GameServer_EX603CS\CustomQuest.obj
         Release\GameServer_EX603CS\CustomQuiz.obj
         Release\GameServer_EX603CS\CustomRanking.obj
         Release\GameServer_EX603CS\CustomRankUser.obj
         Release\GameServer_EX603CS\CustomStartItem.obj
         Release\GameServer_EX603CS\CustomStore.obj
         Release\GameServer_EX603CS\CustomTop.obj
         Release\GameServer_EX603CS\CustomWing.obj
         Release\GameServer_EX603CS\CustomWingMix.obj
         Release\GameServer_EX603CS\DarkSpirit.obj
         Release\GameServer_EX603CS\DefaultClassInfo.obj
         Release\GameServer_EX603CS\DevilSquare.obj
         Release\GameServer_EX603CS\DoubleGoer.obj
         Release\GameServer_EX603CS\DSProtocol.obj
         Release\GameServer_EX603CS\Duel.obj
         Release\GameServer_EX603CS\Effect.obj
         Release\GameServer_EX603CS\EffectManager.obj
         Release\GameServer_EX603CS\ESProtocol.obj
         Release\GameServer_EX603CS\EventGvG.obj
         Release\GameServer_EX603CS\EventHideAndSeek.obj
         Release\GameServer_EX603CS\EventInventory.obj
         Release\GameServer_EX603CS\EventKillAll.obj
         Release\GameServer_EX603CS\EventPvP.obj
         Release\GameServer_EX603CS\EventQuickly.obj
         Release\GameServer_EX603CS\EventRunAndCatch.obj
         Release\GameServer_EX603CS\EventRussianRoulette.obj
         Release\GameServer_EX603CS\EventStart.obj
         Release\GameServer_EX603CS\EventTvT.obj
         Release\GameServer_EX603CS\ExperienceTable.obj
         Release\GameServer_EX603CS\Filter.obj
         Release\GameServer_EX603CS\FilterRaname.obj
         Release\GameServer_EX603CS\Fruit.obj
         Release\GameServer_EX603CS\GameMain.obj
         Release\GameServer_EX603CS\GameMaster.obj
         Release\GameServer_EX603CS\GameServer.obj
         Release\GameServer_EX603CS\Gate.obj
         Release\GameServer_EX603CS\GensSystem.obj
         Release\GameServer_EX603CS\GuardianStatue.obj
         Release\GameServer_EX603CS\Guild.obj
         Release\GameServer_EX603CS\GuildClass.obj
         Release\GameServer_EX603CS\GuildMatching.obj
         Release\GameServer_EX603CS\HackCheck.obj
         Release\GameServer_EX603CS\HackPacketCheck.obj
         Release\GameServer_EX603CS\HackSkillCheck.obj
         Release\GameServer_EX603CS\Helper.obj
         Release\GameServer_EX603CS\IllusionTemple.obj
         Release\GameServer_EX603CS\ImperialGuardian.obj
         Release\GameServer_EX603CS\InvasionManager.obj
         Release\GameServer_EX603CS\InventoryEquipment.obj
         Release\GameServer_EX603CS\IpManager.obj
         Release\GameServer_EX603CS\Item.obj
         Release\GameServer_EX603CS\ItemBag.obj
         Release\GameServer_EX603CS\ItemBagEx.obj
         Release\GameServer_EX603CS\ItemBagManager.obj
         Release\GameServer_EX603CS\ItemDrop.obj
         Release\GameServer_EX603CS\ItemExcellentOptionRate.obj
         Release\GameServer_EX603CS\ItemManager.obj
         Release\GameServer_EX603CS\ItemMove.obj
         Release\GameServer_EX603CS\ItemOption.obj
         Release\GameServer_EX603CS\ItemOptionRate.obj
         Release\GameServer_EX603CS\ItemStack.obj
         Release\GameServer_EX603CS\ItemValue.obj
         Release\GameServer_EX603CS\ItemValueTrade.obj
         Release\GameServer_EX603CS\JewelMix.obj
         Release\GameServer_EX603CS\JewelOfHarmonyOption.obj
         Release\GameServer_EX603CS\JewelOfHarmonyType.obj
         Release\GameServer_EX603CS\JSProtocol.obj
         Release\GameServer_EX603CS\Kalima.obj
         Release\GameServer_EX603CS\Kanturu.obj
         Release\GameServer_EX603CS\KanturuBattleOfMaya.obj
         Release\GameServer_EX603CS\KanturuBattleOfNightmare.obj
         Release\GameServer_EX603CS\KanturuBattleStanby.obj
         Release\GameServer_EX603CS\KanturuBattleUserMng.obj
         Release\GameServer_EX603CS\KanturuEntranceNPC.obj
         Release\GameServer_EX603CS\KanturuMaya.obj
         Release\GameServer_EX603CS\KanturuMonsterMng.obj
         Release\GameServer_EX603CS\KanturuObjInfo.obj
         Release\GameServer_EX603CS\KanturuStateInfo.obj
         Release\GameServer_EX603CS\KanturuTowerOfRefinement.obj
         Release\GameServer_EX603CS\KanturuUtil.obj
         Release\GameServer_EX603CS\LifeStone.obj
         Release\GameServer_EX603CS\Log.obj
         Release\GameServer_EX603CS\LuckyCoin.obj
         Release\GameServer_EX603CS\LuckyItem.obj
         Release\GameServer_EX603CS\Map.obj
         Release\GameServer_EX603CS\MapItem.obj
         Release\GameServer_EX603CS\MapManager.obj
         Release\GameServer_EX603CS\MapPath.obj
         Release\GameServer_EX603CS\MapServerManager.obj
         Release\GameServer_EX603CS\MasterSkillTree.obj
         Release\GameServer_EX603CS\MemoryAllocator.obj
         Release\GameServer_EX603CS\MemoryAllocatorInfo.obj
         Release\GameServer_EX603CS\MemScript.obj
         Release\GameServer_EX603CS\Mercenary.obj
         Release\GameServer_EX603CS\Message.obj
         Release\GameServer_EX603CS\MiniDump.obj
         Release\GameServer_EX603CS\MiniMap.obj
         Release\GameServer_EX603CS\MiningSystem.obj
         Release\GameServer_EX603CS\Monster.obj
         Release\GameServer_EX603CS\MonsterAI.obj
         Release\GameServer_EX603CS\MonsterAIAgro.obj
         Release\GameServer_EX603CS\MonsterAIAutomata.obj
         Release\GameServer_EX603CS\MonsterAIAutomataInfo.obj
         Release\GameServer_EX603CS\MonsterAIElement.obj
         Release\GameServer_EX603CS\MonsterAIElementInfo.obj
         Release\GameServer_EX603CS\MonsterAIGroup.obj
         Release\GameServer_EX603CS\MonsterAIGroupMember.obj
         Release\GameServer_EX603CS\MonsterAIMovePath.obj
         Release\GameServer_EX603CS\MonsterAIMovePathInfo.obj
         Release\GameServer_EX603CS\MonsterAIRule.obj
         Release\GameServer_EX603CS\MonsterAIRuleInfo.obj
         Release\GameServer_EX603CS\MonsterAIState.obj
         Release\GameServer_EX603CS\MonsterAIUnit.obj
         Release\GameServer_EX603CS\MonsterAIUnitInfo.obj
         Release\GameServer_EX603CS\MonsterAIUtil.obj
         Release\GameServer_EX603CS\MonsterManager.obj
         Release\GameServer_EX603CS\MonsterSetBase.obj
         Release\GameServer_EX603CS\MonsterSkillElement.obj
         Release\GameServer_EX603CS\MonsterSkillElementInfo.obj
         Release\GameServer_EX603CS\MonsterSkillElementOption.obj
         Release\GameServer_EX603CS\MonsterSkillInfo.obj
         Release\GameServer_EX603CS\MonsterSkillManager.obj
         Release\GameServer_EX603CS\MonsterSkillUnit.obj
         Release\GameServer_EX603CS\MonsterSkillUnitInfo.obj
         Release\GameServer_EX603CS\MossMerchant.obj
         Release\GameServer_EX603CS\Move.obj
         Release\GameServer_EX603CS\MoveSummon.obj
         Release\GameServer_EX603CS\MuRummy.obj
         Release\GameServer_EX603CS\MuunSystem.obj
         Release\GameServer_EX603CS\Notice.obj
         Release\GameServer_EX603CS\NpcTalk.obj
         Release\GameServer_EX603CS\ObjectManager.obj
         Release\GameServer_EX603CS\PacketManager.obj
         Release\GameServer_EX603CS\Party.obj
         Release\GameServer_EX603CS\PartyMatching.obj
         Release\GameServer_EX603CS\Path.obj
         Release\GameServer_EX603CS\PcPoint.obj
         Release\GameServer_EX603CS\PentagramSystem.obj
         Release\GameServer_EX603CS\PersonalShop.obj
         Release\GameServer_EX603CS\Protect.obj
         Release\GameServer_EX603CS\Protocol.obj
         Release\GameServer_EX603CS\Quest.obj
         Release\GameServer_EX603CS\QuestObjective.obj
         Release\GameServer_EX603CS\QuestReward.obj
         Release\GameServer_EX603CS\QuestWorld.obj
         Release\GameServer_EX603CS\QuestWorldObjective.obj
         Release\GameServer_EX603CS\QuestWorldReward.obj
         Release\GameServer_EX603CS\Queue.obj
         Release\GameServer_EX603CS\QueueTimer.obj
         Release\GameServer_EX603CS\Raklion.obj
         Release\GameServer_EX603CS\RaklionBattleOfSelupan.obj
         Release\GameServer_EX603CS\RaklionBattleUser.obj
         Release\GameServer_EX603CS\RaklionBattleUserMng.obj
         Release\GameServer_EX603CS\RaklionObjInfo.obj
         Release\GameServer_EX603CS\RaklionSelupan.obj
         Release\GameServer_EX603CS\RaklionUtil.obj
         Release\GameServer_EX603CS\RandomManager.obj
         Release\GameServer_EX603CS\Reconnect.obj
         Release\GameServer_EX603CS\ReiDoMu.obj
         Release\GameServer_EX603CS\ResetTable.obj
         Release\GameServer_EX603CS\ScheduleManager.obj
         Release\GameServer_EX603CS\SerialCheck.obj
         Release\GameServer_EX603CS\ServerDisplayer.obj
         Release\GameServer_EX603CS\ServerInfo.obj
         Release\GameServer_EX603CS\SetItemOption.obj
         Release\GameServer_EX603CS\SetItemType.obj
         Release\GameServer_EX603CS\Shop.obj
         Release\GameServer_EX603CS\ShopManager.obj
         Release\GameServer_EX603CS\Skill.obj
         Release\GameServer_EX603CS\SkillDamage.obj
         Release\GameServer_EX603CS\SkillHitBox.obj
         Release\GameServer_EX603CS\SkillManager.obj
         Release\GameServer_EX603CS\SocketItemOption.obj
         Release\GameServer_EX603CS\SocketItemType.obj
         Release\GameServer_EX603CS\SocketManager.obj
         Release\GameServer_EX603CS\SocketManagerUdp.obj
         Release\GameServer_EX603CS\stdafx.obj
         Release\GameServer_EX603CS\SummonScroll.obj
         Release\GameServer_EX603CS\Trade.obj
         Release\GameServer_EX603CS\Union.obj
         Release\GameServer_EX603CS\UnionInfo.obj
         Release\GameServer_EX603CS\User.obj
         Release\GameServer_EX603CS\Util.obj
         Release\GameServer_EX603CS\Viewport.obj
         Release\GameServer_EX603CS\Warehouse.obj
         Generating code
         Finished generating code
         GameServer.vcxproj -> D:\Source\Source MundoMU\Source MundoMU 29112018 (Update 15)\GameServer\Release\GameServer_EX603CS\GameServer.exe
       Manifest:
         C:\Program Files (x86)\Microsoft SDKs\Windows\v7.0A\bin\mt.exe /nologo /verbose /outputresource:"D:\Source\Source MundoMU\Source MundoMU 29112018 (Update 15)\GameServer\Release\GameServer_EX603CS\GameServer.exe;#1" /manifest Release\GameServer_EX603CS\GameServer.exe.intermediate.manifest
       FinalizeBuildStatus:
         Deleting file "Release\GameServer_EX603CS\GameServer.unsuccessfulbuild".
         Touching "Release\GameServer_EX603CS\GameServer.lastbuildstate".
     1>Done Building Project "D:\Source\Source MundoMU\Source MundoMU 29112018 (Update 15)\GameServer\GameServer\GameServer.vcxproj" (build target(s)).

Build succeeded.

Time Elapsed 00:00:12.50
